@!@!@STARTMSG 2262:0 @!@!@
TLC2 Version 2.14 of 10 July 2019
@!@!@ENDMSG 2262 @!@!@
@!@!@STARTMSG 2187:0 @!@!@
Running breadth-first search Model-Checking with fp 50 and seed -1794178944316381537 with 6 workers on 8 cores with 3769MB heap and 8474MB offheap memory [pid: 10639] (Linux 4.15.0-72-generic amd64, AdoptOpenJDK 11.0.3 x86_64, OffHeapDiskFPSet, DiskStateQueue).
@!@!@ENDMSG 2187 @!@!@
@!@!@STARTMSG 2220:0 @!@!@
Starting SANY...
@!@!@ENDMSG 2220 @!@!@
Parsing file /home/ricardo/scs/SCS.toolbox/Model_7/MC.tla
Parsing file /home/ricardo/scs/SCS.toolbox/Model_7/SCS.tla
Parsing file /home/ricardo/em/programas/TLAToolbox-1.6.0-linux.gtk.x86_64/toolbox/plugins/org.lamport.tlatools_1.0.0.201907102009/tla2sany/StandardModules/TLC.tla
Parsing file /home/ricardo/em/programas/TLAToolbox-1.6.0-linux.gtk.x86_64/toolbox/plugins/org.lamport.tlatools_1.0.0.201907102009/tla2sany/StandardModules/Integers.tla
Parsing file /home/ricardo/em/programas/TLAToolbox-1.6.0-linux.gtk.x86_64/toolbox/plugins/org.lamport.tlatools_1.0.0.201907102009/tla2sany/StandardModules/Naturals.tla
Parsing file /home/ricardo/em/programas/TLAToolbox-1.6.0-linux.gtk.x86_64/toolbox/plugins/org.lamport.tlatools_1.0.0.201907102009/tla2sany/StandardModules/Sequences.tla
Parsing file /home/ricardo/em/programas/TLAToolbox-1.6.0-linux.gtk.x86_64/toolbox/plugins/org.lamport.tlatools_1.0.0.201907102009/tla2sany/StandardModules/FiniteSets.tla
Semantic processing of module Naturals
Semantic processing of module Integers
Semantic processing of module SCS
Semantic processing of module Sequences
Semantic processing of module FiniteSets
Semantic processing of module TLC
Semantic processing of module MC
@!@!@STARTMSG 2219:0 @!@!@
SANY finished.
@!@!@ENDMSG 2219 @!@!@
@!@!@STARTMSG 2185:0 @!@!@
Starting... (2020-01-03 22:14:21)
@!@!@ENDMSG 2185 @!@!@
@!@!@STARTMSG 2189:0 @!@!@
Computing initial states...
@!@!@ENDMSG 2189 @!@!@
@!@!@STARTMSG 2190:0 @!@!@
Finished computing initial states: 1 distinct state generated at 2020-01-03 22:14:22.
@!@!@ENDMSG 2190 @!@!@
@!@!@STARTMSG 2110:1 @!@!@
Invariant TypeOK is violated.
@!@!@ENDMSG 2110 @!@!@
@!@!@STARTMSG 2121:1 @!@!@
The behavior up to this point is:
@!@!@ENDMSG 2121 @!@!@
@!@!@STARTMSG 2217:4 @!@!@
1: <Initial predicate>
/\ speed = 1
/\ brakePedal = "unpressed"
/\ desiredLimit = 1
/\ desiredSpeed = 1
/\ lever = 0
/\ cc = "off"
/\ engine = "off"
/\ gasPedal = "unpressed"
/\ sl = "off"
/\ visualWarn = "off"
/\ acousticWarn = "off"
/\ frontCarGap = 1
/\ slWarn = "off"

@!@!@ENDMSG 2217 @!@!@
@!@!@STARTMSG 2217:4 @!@!@
2: <TurnEngineOn line 753, col 17 to line 771, col 45 of module SCS>
/\ speed = 1
/\ brakePedal = "unpressed"
/\ desiredLimit = 1
/\ desiredSpeed = 1
/\ lever = 0
/\ cc = "off"
/\ engine = "on"
/\ gasPedal = "unpressed"
/\ sl = "off"
/\ visualWarn = "off"
/\ acousticWarn = "off"
/\ frontCarGap = 1
/\ slWarn = "off"

@!@!@ENDMSG 2217 @!@!@
@!@!@STARTMSG 2217:4 @!@!@
3: <IncreaseSpeed line 437, col 18 to line 461, col 46 of module SCS>
/\ speed = 2
/\ brakePedal = "unpressed"
/\ desiredLimit = 1
/\ desiredSpeed = 1
/\ lever = 0
/\ cc = "off"
/\ engine = "on"
/\ gasPedal = "pressed"
/\ sl = "off"
/\ visualWarn = "off"
/\ acousticWarn = "off"
/\ frontCarGap = 1
/\ slWarn = "off"

@!@!@ENDMSG 2217 @!@!@
@!@!@STARTMSG 2217:4 @!@!@
4: <IncreaseSpeed line 437, col 18 to line 461, col 46 of module SCS>
/\ speed = 3
/\ brakePedal = "unpressed"
/\ desiredLimit = 1
/\ desiredSpeed = 1
/\ lever = 0
/\ cc = "off"
/\ engine = "on"
/\ gasPedal = "pressed"
/\ sl = "off"
/\ visualWarn = "off"
/\ acousticWarn = "off"
/\ frontCarGap = 1
/\ slWarn = "off"

@!@!@ENDMSG 2217 @!@!@
@!@!@STARTMSG 2217:4 @!@!@
5: <IncreaseSpeed line 437, col 18 to line 461, col 46 of module SCS>
/\ speed = 4
/\ brakePedal = "unpressed"
/\ desiredLimit = 1
/\ desiredSpeed = 1
/\ lever = 0
/\ cc = "off"
/\ engine = "on"
/\ gasPedal = "pressed"
/\ sl = "off"
/\ visualWarn = "off"
/\ acousticWarn = "off"
/\ frontCarGap = 1
/\ slWarn = "off"

@!@!@ENDMSG 2217 @!@!@
@!@!@STARTMSG 2217:4 @!@!@
6: <ReleaseGasPedal line 509, col 20 to line 525, col 48 of module SCS>
/\ speed = 4
/\ brakePedal = "unpressed"
/\ desiredLimit = 1
/\ desiredSpeed = 1
/\ lever = 0
/\ cc = "off"
/\ engine = "on"
/\ gasPedal = "unpressed"
/\ sl = "off"
/\ visualWarn = "off"
/\ acousticWarn = "off"
/\ frontCarGap = 1
/\ slWarn = "off"

@!@!@ENDMSG 2217 @!@!@
@!@!@STARTMSG 2217:4 @!@!@
7: <TurnLever1 line 550, col 15 to line 573, col 49 of module SCS>
/\ speed = 4
/\ brakePedal = "unpressed"
/\ desiredLimit = 1
/\ desiredSpeed = 4
/\ lever = 1
/\ cc = "on"
/\ engine = "on"
/\ gasPedal = "unpressed"
/\ sl = "off"
/\ visualWarn = "off"
/\ acousticWarn = "off"
/\ frontCarGap = 2
/\ slWarn = "off"

@!@!@ENDMSG 2217 @!@!@
@!@!@STARTMSG 2217:4 @!@!@
8: <TurnLever0 line 530, col 15 to line 545, col 43 of module SCS>
/\ speed = 4
/\ brakePedal = "unpressed"
/\ desiredLimit = 1
/\ desiredSpeed = 4
/\ lever = 0
/\ cc = "on"
/\ engine = "on"
/\ gasPedal = "unpressed"
/\ sl = "off"
/\ visualWarn = "off"
/\ acousticWarn = "off"
/\ frontCarGap = 2
/\ slWarn = "off"

@!@!@ENDMSG 2217 @!@!@
@!@!@STARTMSG 2217:4 @!@!@
9: <IncreaseSpeed line 437, col 18 to line 461, col 46 of module SCS>
/\ speed = 5
/\ brakePedal = "unpressed"
/\ desiredLimit = 1
/\ desiredSpeed = 4
/\ lever = 0
/\ cc = "on"
/\ engine = "on"
/\ gasPedal = "pressed"
/\ sl = "off"
/\ visualWarn = "off"
/\ acousticWarn = "off"
/\ frontCarGap = 2
/\ slWarn = "off"

@!@!@ENDMSG 2217 @!@!@
@!@!@STARTMSG 2201:0 @!@!@
The coverage statistics at 2020-01-03 22:14:22
@!@!@ENDMSG 2201 @!@!@
@!@!@STARTMSG 2773:0 @!@!@
<Init line 284, col 1 to line 284, col 4 of module SCS>: 2:2
@!@!@ENDMSG 2773 @!@!@
@!@!@STARTMSG 2221:0 @!@!@
  line 284, col 9 to line 296, col 31 of module SCS: 2
@!@!@ENDMSG 2221 @!@!@
@!@!@STARTMSG 2772:0 @!@!@
<Brake line 312, col 1 to line 312, col 5 of module SCS>: 20:26
@!@!@ENDMSG 2772 @!@!@
@!@!@STARTMSG 2221:0 @!@!@
  line 312, col 13 to line 312, col 32 of module SCS: 105
@!@!@ENDMSG 2221 @!@!@
@!@!@STARTMSG 2221:0 @!@!@
  |line 312, col 13 to line 312, col 18 of module SCS: 79
@!@!@ENDMSG 2221 @!@!@
@!@!@STARTMSG 2221:0 @!@!@
  line 313, col 13 to line 313, col 39 of module SCS: 103
@!@!@ENDMSG 2221 @!@!@
@!@!@STARTMSG 2221:0 @!@!@
  |line 313, col 13 to line 313, col 20 of module SCS: 77
@!@!@ENDMSG 2221 @!@!@
@!@!@STARTMSG 2221:0 @!@!@
  line 314, col 13 to line 314, col 29 of module SCS: 87
@!@!@ENDMSG 2221 @!@!@
@!@!@STARTMSG 2221:0 @!@!@
  |line 314, col 13 to line 314, col 17 of module SCS: 61
@!@!@ENDMSG 2221 @!@!@
@!@!@STARTMSG 2221:0 @!@!@
  line 315, col 13 to line 315, col 35 of module SCS: 26
@!@!@ENDMSG 2221 @!@!@
@!@!@STARTMSG 2221:0 @!@!@
  |line 315, col 13 to line 315, col 17 of module SCS: 41
@!@!@ENDMSG 2221 @!@!@
@!@!@STARTMSG 2221:0 @!@!@
  |line 315, col 29 to line 315, col 35 of module SCS: 41
@!@!@ENDMSG 2221 @!@!@
@!@!@STARTMSG 2221:0 @!@!@
  line 316, col 13 to line 316, col 40 of module SCS: 26
@!@!@ENDMSG 2221 @!@!@
@!@!@STARTMSG 2221:0 @!@!@
  line 317, col 13 to line 317, col 37 of module SCS: 26
@!@!@ENDMSG 2221 @!@!@
@!@!@STARTMSG 2221:0 @!@!@
  line 318, col 13 to line 318, col 33 of module SCS: 26
@!@!@ENDMSG 2221 @!@!@
@!@!@STARTMSG 2221:0 @!@!@
  line 319, col 13 to line 319, col 40 of module SCS: 26
@!@!@ENDMSG 2221 @!@!@
@!@!@STARTMSG 2221:0 @!@!@
  line 320, col 13 to line 320, col 40 of module SCS: 26
@!@!@ENDMSG 2221 @!@!@
@!@!@STARTMSG 2221:0 @!@!@
  line 321, col 13 to line 321, col 34 of module SCS: 26
@!@!@ENDMSG 2221 @!@!@
@!@!@STARTMSG 2221:0 @!@!@
  line 322, col 13 to line 322, col 39 of module SCS: 26
@!@!@ENDMSG 2221 @!@!@
@!@!@STARTMSG 2221:0 @!@!@
  line 323, col 13 to line 323, col 36 of module SCS: 26
@!@!@ENDMSG 2221 @!@!@
@!@!@STARTMSG 2221:0 @!@!@
  line 324, col 13 to line 324, col 33 of module SCS: 26
@!@!@ENDMSG 2221 @!@!@
@!@!@STARTMSG 2221:0 @!@!@
  line 325, col 13 to line 325, col 30 of module SCS: 26
@!@!@ENDMSG 2221 @!@!@
@!@!@STARTMSG 2221:0 @!@!@
  line 326, col 13 to line 326, col 34 of module SCS: 26
@!@!@ENDMSG 2221 @!@!@
@!@!@STARTMSG 2221:0 @!@!@
  line 327, col 13 to line 327, col 50 of module SCS: 26
@!@!@ENDMSG 2221 @!@!@
@!@!@STARTMSG 2221:0 @!@!@
  line 328, col 13 to line 328, col 38 of module SCS: 26
@!@!@ENDMSG 2221 @!@!@
@!@!@STARTMSG 2772:0 @!@!@
<DecreaseFrontCarGap line 335, col 1 to line 335, col 19 of module SCS>: 6:13
@!@!@ENDMSG 2772 @!@!@
@!@!@STARTMSG 2221:0 @!@!@
  line 335, col 27 to line 335, col 46 of module SCS: 92
@!@!@ENDMSG 2221 @!@!@
@!@!@STARTMSG 2221:0 @!@!@
  |line 335, col 27 to line 335, col 28 of module SCS: 79
@!@!@ENDMSG 2221 @!@!@
@!@!@STARTMSG 2221:0 @!@!@
  line 336, col 27 to line 336, col 46 of module SCS: 34
@!@!@ENDMSG 2221 @!@!@
@!@!@STARTMSG 2221:0 @!@!@
  |line 336, col 27 to line 336, col 32 of module SCS: 21
@!@!@ENDMSG 2221 @!@!@
@!@!@STARTMSG 2221:0 @!@!@
  line 337, col 27 to line 337, col 50 of module SCS: 13
@!@!@ENDMSG 2221 @!@!@
@!@!@STARTMSG 2221:0 @!@!@
  |line 337, col 27 to line 337, col 37 of module SCS: 21
@!@!@ENDMSG 2221 @!@!@
@!@!@STARTMSG 2221:0 @!@!@
  |line 337, col 43 to line 337, col 50 of module SCS: 21
@!@!@ENDMSG 2221 @!@!@
@!@!@STARTMSG 2221:0 @!@!@
  line 338, col 27 to line 338, col 43 of module SCS: 33
@!@!@ENDMSG 2221 @!@!@
@!@!@STARTMSG 2221:0 @!@!@
  |line 338, col 27 to line 338, col 31 of module SCS: 20
@!@!@ENDMSG 2221 @!@!@
@!@!@STARTMSG 2221:0 @!@!@
  line 339, col 30 to line 339, col 44 of module SCS: 13
@!@!@ENDMSG 2221 @!@!@
@!@!@STARTMSG 2221:0 @!@!@
  line 340, col 34 to line 341, col 56 of module SCS: 4
@!@!@ENDMSG 2221 @!@!@
@!@!@STARTMSG 2221:0 @!@!@
  line 342, col 37 to line 342, col 51 of module SCS: 9
@!@!@ENDMSG 2221 @!@!@
@!@!@STARTMSG 2221:0 @!@!@
  line 343, col 41 to line 344, col 63 of module SCS: 9
@!@!@ENDMSG 2221 @!@!@
@!@!@STARTMSG 2221:0 @!@!@
  line 345, col 44 to line 345, col 64 of module SCS: 0
@!@!@ENDMSG 2221 @!@!@
@!@!@STARTMSG 2221:0 @!@!@
  line 346, col 44 to line 346, col 64 of module SCS: 0
@!@!@ENDMSG 2221 @!@!@
@!@!@STARTMSG 2221:0 @!@!@
  line 347, col 27 to line 347, col 52 of module SCS: 13
@!@!@ENDMSG 2221 @!@!@
@!@!@STARTMSG 2221:0 @!@!@
  line 348, col 27 to line 348, col 44 of module SCS: 13
@!@!@ENDMSG 2221 @!@!@
@!@!@STARTMSG 2221:0 @!@!@
  line 349, col 27 to line 349, col 54 of module SCS: 13
@!@!@ENDMSG 2221 @!@!@
@!@!@STARTMSG 2221:0 @!@!@
  line 350, col 27 to line 350, col 54 of module SCS: 13
@!@!@ENDMSG 2221 @!@!@
@!@!@STARTMSG 2221:0 @!@!@
  line 351, col 27 to line 351, col 48 of module SCS: 13
@!@!@ENDMSG 2221 @!@!@
@!@!@STARTMSG 2221:0 @!@!@
  line 352, col 27 to line 352, col 57 of module SCS: 13
@!@!@ENDMSG 2221 @!@!@
@!@!@STARTMSG 2221:0 @!@!@
  line 353, col 27 to line 353, col 50 of module SCS: 13
@!@!@ENDMSG 2221 @!@!@
@!@!@STARTMSG 2221:0 @!@!@
  line 354, col 27 to line 354, col 47 of module SCS: 13
@!@!@ENDMSG 2221 @!@!@
@!@!@STARTMSG 2221:0 @!@!@
  line 355, col 27 to line 355, col 44 of module SCS: 13
@!@!@ENDMSG 2221 @!@!@
@!@!@STARTMSG 2221:0 @!@!@
  line 356, col 27 to line 356, col 48 of module SCS: 13
@!@!@ENDMSG 2221 @!@!@
@!@!@STARTMSG 2221:0 @!@!@
  line 357, col 27 to line 357, col 47 of module SCS: 13
@!@!@ENDMSG 2221 @!@!@
@!@!@STARTMSG 2772:0 @!@!@
<DecreaseSpeed line 362, col 1 to line 362, col 13 of module SCS>: 4:11
@!@!@ENDMSG 2772 @!@!@
@!@!@STARTMSG 2221:0 @!@!@
  line 362, col 21 to line 362, col 47 of module SCS: 90
@!@!@ENDMSG 2221 @!@!@
@!@!@STARTMSG 2221:0 @!@!@
  |line 362, col 21 to line 362, col 30 of module SCS: 79
@!@!@ENDMSG 2221 @!@!@
@!@!@STARTMSG 2221:0 @!@!@
  line 363, col 21 to line 363, col 41 of module SCS: 79
@!@!@ENDMSG 2221 @!@!@
@!@!@STARTMSG 2221:0 @!@!@
  |line 363, col 21 to line 363, col 22 of module SCS: 68
@!@!@ENDMSG 2221 @!@!@
@!@!@STARTMSG 2221:0 @!@!@
  line 364, col 21 to line 364, col 40 of module SCS: 58
@!@!@ENDMSG 2221 @!@!@
@!@!@STARTMSG 2221:0 @!@!@
  |line 364, col 21 to line 364, col 26 of module SCS: 47
@!@!@ENDMSG 2221 @!@!@
@!@!@STARTMSG 2221:0 @!@!@
  line 365, col 21 to line 365, col 47 of module SCS: 56
@!@!@ENDMSG 2221 @!@!@
@!@!@STARTMSG 2221:0 @!@!@
  |line 365, col 21 to line 365, col 28 of module SCS: 45
@!@!@ENDMSG 2221 @!@!@
@!@!@STARTMSG 2221:0 @!@!@
  line 366, col 21 to line 366, col 37 of module SCS: 44
@!@!@ENDMSG 2221 @!@!@
@!@!@STARTMSG 2221:0 @!@!@
  |line 366, col 21 to line 366, col 25 of module SCS: 33
@!@!@ENDMSG 2221 @!@!@
@!@!@STARTMSG 2221:0 @!@!@
  line 367, col 21 to line 367, col 43 of module SCS: 11
@!@!@ENDMSG 2221 @!@!@
@!@!@STARTMSG 2221:0 @!@!@
  |line 367, col 21 to line 367, col 25 of module SCS: 20
@!@!@ENDMSG 2221 @!@!@
@!@!@STARTMSG 2221:0 @!@!@
  |line 367, col 37 to line 367, col 43 of module SCS: 20
@!@!@ENDMSG 2221 @!@!@
@!@!@STARTMSG 2221:0 @!@!@
  line 368, col 21 to line 368, col 48 of module SCS: 11
@!@!@ENDMSG 2221 @!@!@
@!@!@STARTMSG 2221:0 @!@!@
  line 369, col 21 to line 369, col 46 of module SCS: 11
@!@!@ENDMSG 2221 @!@!@
@!@!@STARTMSG 2221:0 @!@!@
  line 370, col 21 to line 370, col 38 of module SCS: 11
@!@!@ENDMSG 2221 @!@!@
@!@!@STARTMSG 2221:0 @!@!@
  line 371, col 21 to line 371, col 48 of module SCS: 11
@!@!@ENDMSG 2221 @!@!@
@!@!@STARTMSG 2221:0 @!@!@
  line 372, col 21 to line 372, col 48 of module SCS: 11
@!@!@ENDMSG 2221 @!@!@
@!@!@STARTMSG 2221:0 @!@!@
  line 373, col 21 to line 373, col 42 of module SCS: 11
@!@!@ENDMSG 2221 @!@!@
@!@!@STARTMSG 2221:0 @!@!@
  line 374, col 21 to line 374, col 47 of module SCS: 11
@!@!@ENDMSG 2221 @!@!@
@!@!@STARTMSG 2221:0 @!@!@
  line 375, col 21 to line 375, col 44 of module SCS: 11
@!@!@ENDMSG 2221 @!@!@
@!@!@STARTMSG 2221:0 @!@!@
  line 376, col 21 to line 376, col 41 of module SCS: 11
@!@!@ENDMSG 2221 @!@!@
@!@!@STARTMSG 2221:0 @!@!@
  line 377, col 21 to line 377, col 38 of module SCS: 11
@!@!@ENDMSG 2221 @!@!@
@!@!@STARTMSG 2221:0 @!@!@
  line 378, col 21 to line 378, col 42 of module SCS: 11
@!@!@ENDMSG 2221 @!@!@
@!@!@STARTMSG 2221:0 @!@!@
  line 379, col 21 to line 379, col 58 of module SCS: 11
@!@!@ENDMSG 2221 @!@!@
@!@!@STARTMSG 2221:0 @!@!@
  line 380, col 21 to line 380, col 46 of module SCS: 11
@!@!@ENDMSG 2221 @!@!@
@!@!@STARTMSG 2772:0 @!@!@
<EqualsDesiredSpeed line 386, col 1 to line 386, col 18 of module SCS>: 0:2
@!@!@ENDMSG 2772 @!@!@
@!@!@STARTMSG 2221:0 @!@!@
  line 386, col 26 to line 386, col 52 of module SCS: 81
@!@!@ENDMSG 2221 @!@!@
@!@!@STARTMSG 2221:0 @!@!@
  |line 386, col 26 to line 386, col 35 of module SCS: 79
@!@!@ENDMSG 2221 @!@!@
@!@!@STARTMSG 2221:0 @!@!@
  line 387, col 26 to line 387, col 45 of module SCS: 70
@!@!@ENDMSG 2221 @!@!@
@!@!@STARTMSG 2221:0 @!@!@
  |line 387, col 26 to line 387, col 27 of module SCS: 68
@!@!@ENDMSG 2221 @!@!@
@!@!@STARTMSG 2221:0 @!@!@
  line 388, col 26 to line 388, col 46 of module SCS: 23
@!@!@ENDMSG 2221 @!@!@
@!@!@STARTMSG 2221:0 @!@!@
  |line 388, col 26 to line 388, col 37 of module SCS: 21
@!@!@ENDMSG 2221 @!@!@
@!@!@STARTMSG 2221:0 @!@!@
  |line 388, col 43 to line 388, col 46 of module SCS: 21
@!@!@ENDMSG 2221 @!@!@
@!@!@STARTMSG 2221:0 @!@!@
  line 389, col 26 to line 389, col 45 of module SCS: 23
@!@!@ENDMSG 2221 @!@!@
@!@!@STARTMSG 2221:0 @!@!@
  |line 389, col 26 to line 389, col 31 of module SCS: 21
@!@!@ENDMSG 2221 @!@!@
@!@!@STARTMSG 2221:0 @!@!@
  line 390, col 26 to line 390, col 52 of module SCS: 23
@!@!@ENDMSG 2221 @!@!@
@!@!@STARTMSG 2221:0 @!@!@
  |line 390, col 26 to line 390, col 33 of module SCS: 21
@!@!@ENDMSG 2221 @!@!@
@!@!@STARTMSG 2221:0 @!@!@
  line 391, col 26 to line 391, col 42 of module SCS: 19
@!@!@ENDMSG 2221 @!@!@
@!@!@STARTMSG 2221:0 @!@!@
  |line 391, col 26 to line 391, col 30 of module SCS: 17
@!@!@ENDMSG 2221 @!@!@
@!@!@STARTMSG 2221:0 @!@!@
  line 392, col 26 to line 392, col 54 of module SCS: 12
@!@!@ENDMSG 2221 @!@!@
@!@!@STARTMSG 2221:0 @!@!@
  |line 392, col 26 to line 392, col 30 of module SCS: 10
@!@!@ENDMSG 2221 @!@!@
@!@!@STARTMSG 2221:0 @!@!@
  |line 392, col 43 to line 392, col 54 of module SCS: 10
@!@!@ENDMSG 2221 @!@!@
@!@!@STARTMSG 2221:0 @!@!@
  line 393, col 26 to line 393, col 53 of module SCS: 2
@!@!@ENDMSG 2221 @!@!@
@!@!@STARTMSG 2221:0 @!@!@
  line 394, col 26 to line 394, col 51 of module SCS: 2
@!@!@ENDMSG 2221 @!@!@
@!@!@STARTMSG 2221:0 @!@!@
  line 395, col 26 to line 395, col 43 of module SCS: 2
@!@!@ENDMSG 2221 @!@!@
@!@!@STARTMSG 2221:0 @!@!@
  line 396, col 26 to line 396, col 53 of module SCS: 2
@!@!@ENDMSG 2221 @!@!@
@!@!@STARTMSG 2221:0 @!@!@
  line 397, col 26 to line 397, col 53 of module SCS: 2
@!@!@ENDMSG 2221 @!@!@
@!@!@STARTMSG 2221:0 @!@!@
  line 398, col 26 to line 398, col 47 of module SCS: 2
@!@!@ENDMSG 2221 @!@!@
@!@!@STARTMSG 2221:0 @!@!@
  line 399, col 26 to line 399, col 52 of module SCS: 2
@!@!@ENDMSG 2221 @!@!@
@!@!@STARTMSG 2221:0 @!@!@
  line 400, col 26 to line 400, col 49 of module SCS: 2
@!@!@ENDMSG 2221 @!@!@
@!@!@STARTMSG 2221:0 @!@!@
  line 401, col 26 to line 401, col 46 of module SCS: 2
@!@!@ENDMSG 2221 @!@!@
@!@!@STARTMSG 2221:0 @!@!@
  line 402, col 26 to line 402, col 43 of module SCS: 2
@!@!@ENDMSG 2221 @!@!@
@!@!@STARTMSG 2221:0 @!@!@
  line 403, col 26 to line 403, col 47 of module SCS: 2
@!@!@ENDMSG 2221 @!@!@
@!@!@STARTMSG 2221:0 @!@!@
  line 404, col 26 to line 404, col 51 of module SCS: 2
@!@!@ENDMSG 2221 @!@!@
@!@!@STARTMSG 2221:0 @!@!@
  line 305, col 30 to line 305, col 49 of module SCS: 2
@!@!@ENDMSG 2221 @!@!@
@!@!@STARTMSG 2221:0 @!@!@
  line 306, col 34 to line 306, col 51 of module SCS: 1
@!@!@ENDMSG 2221 @!@!@
@!@!@STARTMSG 2221:0 @!@!@
  line 307, col 34 to line 307, col 51 of module SCS: 1
@!@!@ENDMSG 2221 @!@!@
@!@!@STARTMSG 2772:0 @!@!@
<IncreaseFrontCarGap line 411, col 1 to line 411, col 19 of module SCS>: 0:4
@!@!@ENDMSG 2772 @!@!@
@!@!@STARTMSG 2221:0 @!@!@
  line 411, col 27 to line 411, col 46 of module SCS: 83
@!@!@ENDMSG 2221 @!@!@
@!@!@STARTMSG 2221:0 @!@!@
  |line 411, col 27 to line 411, col 28 of module SCS: 79
@!@!@ENDMSG 2221 @!@!@
@!@!@STARTMSG 2221:0 @!@!@
  line 412, col 27 to line 412, col 46 of module SCS: 25
@!@!@ENDMSG 2221 @!@!@
@!@!@STARTMSG 2221:0 @!@!@
  |line 412, col 27 to line 412, col 32 of module SCS: 21
@!@!@ENDMSG 2221 @!@!@
@!@!@STARTMSG 2221:0 @!@!@
  line 413, col 27 to line 413, col 46 of module SCS: 4
@!@!@ENDMSG 2221 @!@!@
@!@!@STARTMSG 2221:0 @!@!@
  |line 413, col 27 to line 413, col 37 of module SCS: 21
@!@!@ENDMSG 2221 @!@!@
@!@!@STARTMSG 2221:0 @!@!@
  |line 413, col 43 to line 413, col 46 of module SCS: 21
@!@!@ENDMSG 2221 @!@!@
@!@!@STARTMSG 2221:0 @!@!@
  line 414, col 27 to line 414, col 53 of module SCS: 10
@!@!@ENDMSG 2221 @!@!@
@!@!@STARTMSG 2221:0 @!@!@
  |line 414, col 27 to line 414, col 34 of module SCS: 6
@!@!@ENDMSG 2221 @!@!@
@!@!@STARTMSG 2221:0 @!@!@
  line 415, col 27 to line 415, col 43 of module SCS: 9
@!@!@ENDMSG 2221 @!@!@
@!@!@STARTMSG 2221:0 @!@!@
  |line 415, col 27 to line 415, col 31 of module SCS: 5
@!@!@ENDMSG 2221 @!@!@
@!@!@STARTMSG 2221:0 @!@!@
  line 416, col 30 to line 416, col 44 of module SCS: 4
@!@!@ENDMSG 2221 @!@!@
@!@!@STARTMSG 2221:0 @!@!@
  line 417, col 34 to line 418, col 57 of module SCS: 3
@!@!@ENDMSG 2221 @!@!@
@!@!@STARTMSG 2221:0 @!@!@
  line 419, col 34 to line 420, col 56 of module SCS: 1
@!@!@ENDMSG 2221 @!@!@
@!@!@STARTMSG 2221:0 @!@!@
  line 421, col 27 to line 421, col 52 of module SCS: 4
@!@!@ENDMSG 2221 @!@!@
@!@!@STARTMSG 2221:0 @!@!@
  line 422, col 27 to line 422, col 44 of module SCS: 4
@!@!@ENDMSG 2221 @!@!@
@!@!@STARTMSG 2221:0 @!@!@
  line 423, col 27 to line 423, col 54 of module SCS: 4
@!@!@ENDMSG 2221 @!@!@
@!@!@STARTMSG 2221:0 @!@!@
  line 424, col 27 to line 424, col 54 of module SCS: 4
@!@!@ENDMSG 2221 @!@!@
@!@!@STARTMSG 2221:0 @!@!@
  line 425, col 27 to line 425, col 48 of module SCS: 4
@!@!@ENDMSG 2221 @!@!@
@!@!@STARTMSG 2221:0 @!@!@
  line 426, col 27 to line 426, col 57 of module SCS: 4
@!@!@ENDMSG 2221 @!@!@
@!@!@STARTMSG 2221:0 @!@!@
  line 427, col 27 to line 427, col 50 of module SCS: 4
@!@!@ENDMSG 2221 @!@!@
@!@!@STARTMSG 2221:0 @!@!@
  line 428, col 27 to line 428, col 47 of module SCS: 4
@!@!@ENDMSG 2221 @!@!@
@!@!@STARTMSG 2221:0 @!@!@
  line 429, col 27 to line 429, col 44 of module SCS: 4
@!@!@ENDMSG 2221 @!@!@
@!@!@STARTMSG 2221:0 @!@!@
  line 430, col 27 to line 430, col 48 of module SCS: 4
@!@!@ENDMSG 2221 @!@!@
@!@!@STARTMSG 2221:0 @!@!@
  line 431, col 27 to line 431, col 47 of module SCS: 4
@!@!@ENDMSG 2221 @!@!@
@!@!@STARTMSG 2772:0 @!@!@
<IncreaseSpeed line 437, col 1 to line 437, col 13 of module SCS>: 24:34
@!@!@ENDMSG 2772 @!@!@
@!@!@STARTMSG 2221:0 @!@!@
  line 437, col 21 to line 437, col 47 of module SCS: 113
@!@!@ENDMSG 2221 @!@!@
@!@!@STARTMSG 2221:0 @!@!@
  |line 437, col 21 to line 437, col 30 of module SCS: 79
@!@!@ENDMSG 2221 @!@!@
@!@!@STARTMSG 2221:0 @!@!@
  line 438, col 30 to line 438, col 44 of module SCS: 88
@!@!@ENDMSG 2221 @!@!@
@!@!@STARTMSG 2221:0 @!@!@
  |line 438, col 30 to line 438, col 31 of module SCS: 68
@!@!@ENDMSG 2221 @!@!@
@!@!@STARTMSG 2221:0 @!@!@
  line 439, col 30 to line 439, col 44 of module SCS: 67
@!@!@ENDMSG 2221 @!@!@
@!@!@STARTMSG 2221:0 @!@!@
  |line 439, col 30 to line 439, col 31 of module SCS: 47
@!@!@ENDMSG 2221 @!@!@
@!@!@STARTMSG 2221:0 @!@!@
  line 440, col 30 to line 440, col 47 of module SCS: 20
@!@!@ENDMSG 2221 @!@!@
@!@!@STARTMSG 2221:0 @!@!@
  |line 440, col 30 to line 440, col 34 of module SCS: 40
@!@!@ENDMSG 2221 @!@!@
@!@!@STARTMSG 2221:0 @!@!@
  |line 440, col 40 to line 440, col 47 of module SCS: 40
@!@!@ENDMSG 2221 @!@!@
@!@!@STARTMSG 2221:0 @!@!@
  line 441, col 30 to line 441, col 44 of module SCS: 69
@!@!@ENDMSG 2221 @!@!@
@!@!@STARTMSG 2221:0 @!@!@
  |line 441, col 30 to line 441, col 31 of module SCS: 68
@!@!@ENDMSG 2221 @!@!@
@!@!@STARTMSG 2221:0 @!@!@
  line 442, col 30 to line 442, col 43 of module SCS: 48
@!@!@ENDMSG 2221 @!@!@
@!@!@STARTMSG 2221:0 @!@!@
  |line 442, col 30 to line 442, col 31 of module SCS: 47
@!@!@ENDMSG 2221 @!@!@
@!@!@STARTMSG 2221:0 @!@!@
  line 443, col 30 to line 443, col 51 of module SCS: 1
@!@!@ENDMSG 2221 @!@!@
@!@!@STARTMSG 2221:0 @!@!@
  |line 443, col 30 to line 443, col 34 of module SCS: 7
@!@!@ENDMSG 2221 @!@!@
@!@!@STARTMSG 2221:0 @!@!@
  |line 443, col 40 to line 443, col 51 of module SCS: 7
@!@!@ENDMSG 2221 @!@!@
@!@!@STARTMSG 2221:0 @!@!@
  line 444, col 30 to line 444, col 43 of module SCS: 81
@!@!@ENDMSG 2221 @!@!@
@!@!@STARTMSG 2221:0 @!@!@
  |line 444, col 30 to line 444, col 31 of module SCS: 68
@!@!@ENDMSG 2221 @!@!@
@!@!@STARTMSG 2221:0 @!@!@
  line 445, col 30 to line 445, col 44 of module SCS: 34
@!@!@ENDMSG 2221 @!@!@
@!@!@STARTMSG 2221:0 @!@!@
  |line 445, col 30 to line 445, col 31 of module SCS: 21
@!@!@ENDMSG 2221 @!@!@
@!@!@STARTMSG 2221:0 @!@!@
  line 446, col 30 to line 446, col 52 of module SCS: 13
@!@!@ENDMSG 2221 @!@!@
@!@!@STARTMSG 2221:0 @!@!@
  |line 446, col 30 to line 446, col 34 of module SCS: 21
@!@!@ENDMSG 2221 @!@!@
@!@!@STARTMSG 2221:0 @!@!@
  |line 446, col 41 to line 446, col 52 of module SCS: 21
@!@!@ENDMSG 2221 @!@!@
@!@!@STARTMSG 2221:0 @!@!@
  line 447, col 21 to line 447, col 40 of module SCS: 82
@!@!@ENDMSG 2221 @!@!@
@!@!@STARTMSG 2221:0 @!@!@
  |line 447, col 21 to line 447, col 26 of module SCS: 48
@!@!@ENDMSG 2221 @!@!@
@!@!@STARTMSG 2221:0 @!@!@
  line 448, col 21 to line 448, col 37 of module SCS: 80
@!@!@ENDMSG 2221 @!@!@
@!@!@STARTMSG 2221:0 @!@!@
  |line 448, col 21 to line 448, col 25 of module SCS: 46
@!@!@ENDMSG 2221 @!@!@
@!@!@STARTMSG 2221:0 @!@!@
  line 449, col 21 to line 449, col 48 of module SCS: 34
@!@!@ENDMSG 2221 @!@!@
@!@!@STARTMSG 2221:0 @!@!@
  line 450, col 21 to line 450, col 46 of module SCS: 34
@!@!@ENDMSG 2221 @!@!@
@!@!@STARTMSG 2221:0 @!@!@
  line 451, col 21 to line 451, col 38 of module SCS: 34
@!@!@ENDMSG 2221 @!@!@
@!@!@STARTMSG 2221:0 @!@!@
  line 452, col 21 to line 452, col 48 of module SCS: 34
@!@!@ENDMSG 2221 @!@!@
@!@!@STARTMSG 2221:0 @!@!@
  line 453, col 21 to line 453, col 48 of module SCS: 34
@!@!@ENDMSG 2221 @!@!@
@!@!@STARTMSG 2221:0 @!@!@
  line 454, col 21 to line 454, col 42 of module SCS: 34
@!@!@ENDMSG 2221 @!@!@
@!@!@STARTMSG 2221:0 @!@!@
  line 455, col 21 to line 455, col 47 of module SCS: 34
@!@!@ENDMSG 2221 @!@!@
@!@!@STARTMSG 2221:0 @!@!@
  line 456, col 21 to line 456, col 45 of module SCS: 34
@!@!@ENDMSG 2221 @!@!@
@!@!@STARTMSG 2221:0 @!@!@
  line 457, col 21 to line 457, col 41 of module SCS: 34
@!@!@ENDMSG 2221 @!@!@
@!@!@STARTMSG 2221:0 @!@!@
  line 458, col 21 to line 458, col 38 of module SCS: 34
@!@!@ENDMSG 2221 @!@!@
@!@!@STARTMSG 2221:0 @!@!@
  line 459, col 21 to line 459, col 42 of module SCS: 34
@!@!@ENDMSG 2221 @!@!@
@!@!@STARTMSG 2221:0 @!@!@
  line 460, col 21 to line 460, col 58 of module SCS: 34
@!@!@ENDMSG 2221 @!@!@
@!@!@STARTMSG 2221:0 @!@!@
  line 461, col 21 to line 461, col 46 of module SCS: 34
@!@!@ENDMSG 2221 @!@!@
@!@!@STARTMSG 2772:0 @!@!@
<NothingChanges line 466, col 1 to line 466, col 14 of module SCS>: 0:28
@!@!@ENDMSG 2772 @!@!@
@!@!@STARTMSG 2221:0 @!@!@
  line 466, col 22 to line 466, col 48 of module SCS: 99
@!@!@ENDMSG 2221 @!@!@
@!@!@STARTMSG 2221:0 @!@!@
  |line 466, col 22 to line 466, col 31 of module SCS: 71
@!@!@ENDMSG 2221 @!@!@
@!@!@STARTMSG 2221:0 @!@!@
  line 467, col 22 to line 467, col 48 of module SCS: 88
@!@!@ENDMSG 2221 @!@!@
@!@!@STARTMSG 2221:0 @!@!@
  |line 467, col 22 to line 467, col 29 of module SCS: 60
@!@!@ENDMSG 2221 @!@!@
@!@!@STARTMSG 2221:0 @!@!@
  line 468, col 22 to line 468, col 38 of module SCS: 76
@!@!@ENDMSG 2221 @!@!@
@!@!@STARTMSG 2221:0 @!@!@
  |line 468, col 22 to line 468, col 26 of module SCS: 48
@!@!@ENDMSG 2221 @!@!@
@!@!@STARTMSG 2221:0 @!@!@
  line 469, col 22 to line 469, col 49 of module SCS: 28
@!@!@ENDMSG 2221 @!@!@
@!@!@STARTMSG 2221:0 @!@!@
  line 470, col 22 to line 470, col 47 of module SCS: 28
@!@!@ENDMSG 2221 @!@!@
@!@!@STARTMSG 2221:0 @!@!@
  line 471, col 22 to line 471, col 39 of module SCS: 28
@!@!@ENDMSG 2221 @!@!@
@!@!@STARTMSG 2221:0 @!@!@
  line 472, col 22 to line 472, col 49 of module SCS: 28
@!@!@ENDMSG 2221 @!@!@
@!@!@STARTMSG 2221:0 @!@!@
  line 473, col 22 to line 473, col 49 of module SCS: 28
@!@!@ENDMSG 2221 @!@!@
@!@!@STARTMSG 2221:0 @!@!@
  line 474, col 22 to line 474, col 43 of module SCS: 28
@!@!@ENDMSG 2221 @!@!@
@!@!@STARTMSG 2221:0 @!@!@
  line 475, col 22 to line 475, col 48 of module SCS: 28
@!@!@ENDMSG 2221 @!@!@
@!@!@STARTMSG 2221:0 @!@!@
  line 476, col 22 to line 476, col 45 of module SCS: 28
@!@!@ENDMSG 2221 @!@!@
@!@!@STARTMSG 2221:0 @!@!@
  line 477, col 22 to line 477, col 42 of module SCS: 28
@!@!@ENDMSG 2221 @!@!@
@!@!@STARTMSG 2221:0 @!@!@
  line 478, col 22 to line 478, col 39 of module SCS: 28
@!@!@ENDMSG 2221 @!@!@
@!@!@STARTMSG 2221:0 @!@!@
  line 479, col 22 to line 479, col 43 of module SCS: 28
@!@!@ENDMSG 2221 @!@!@
@!@!@STARTMSG 2221:0 @!@!@
  line 480, col 22 to line 480, col 42 of module SCS: 28
@!@!@ENDMSG 2221 @!@!@
@!@!@STARTMSG 2221:0 @!@!@
  line 481, col 22 to line 481, col 47 of module SCS: 28
@!@!@ENDMSG 2221 @!@!@
@!@!@STARTMSG 2772:0 @!@!@
<ReleaseBrakePedal line 487, col 1 to line 487, col 17 of module SCS>: 5:11
@!@!@ENDMSG 2772 @!@!@
@!@!@STARTMSG 2221:0 @!@!@
  line 487, col 25 to line 487, col 49 of module SCS: 82
@!@!@ENDMSG 2221 @!@!@
@!@!@STARTMSG 2221:0 @!@!@
  |line 487, col 25 to line 487, col 34 of module SCS: 71
@!@!@ENDMSG 2221 @!@!@
@!@!@STARTMSG 2221:0 @!@!@
  line 488, col 25 to line 488, col 44 of module SCS: 22
@!@!@ENDMSG 2221 @!@!@
@!@!@STARTMSG 2221:0 @!@!@
  |line 488, col 25 to line 488, col 30 of module SCS: 11
@!@!@ENDMSG 2221 @!@!@
@!@!@STARTMSG 2221:0 @!@!@
  line 489, col 25 to line 489, col 51 of module SCS: 22
@!@!@ENDMSG 2221 @!@!@
@!@!@STARTMSG 2221:0 @!@!@
  |line 489, col 25 to line 489, col 32 of module SCS: 11
@!@!@ENDMSG 2221 @!@!@
@!@!@STARTMSG 2221:0 @!@!@
  line 490, col 25 to line 490, col 41 of module SCS: 22
@!@!@ENDMSG 2221 @!@!@
@!@!@STARTMSG 2221:0 @!@!@
  |line 490, col 25 to line 490, col 29 of module SCS: 11
@!@!@ENDMSG 2221 @!@!@
@!@!@STARTMSG 2221:0 @!@!@
  line 491, col 25 to line 491, col 52 of module SCS: 11
@!@!@ENDMSG 2221 @!@!@
@!@!@STARTMSG 2221:0 @!@!@
  line 492, col 25 to line 492, col 51 of module SCS: 11
@!@!@ENDMSG 2221 @!@!@
@!@!@STARTMSG 2221:0 @!@!@
  line 493, col 25 to line 493, col 42 of module SCS: 11
@!@!@ENDMSG 2221 @!@!@
@!@!@STARTMSG 2221:0 @!@!@
  line 494, col 25 to line 494, col 52 of module SCS: 11
@!@!@ENDMSG 2221 @!@!@
@!@!@STARTMSG 2221:0 @!@!@
  line 495, col 25 to line 495, col 52 of module SCS: 11
@!@!@ENDMSG 2221 @!@!@
@!@!@STARTMSG 2221:0 @!@!@
  line 496, col 25 to line 496, col 46 of module SCS: 11
@!@!@ENDMSG 2221 @!@!@
@!@!@STARTMSG 2221:0 @!@!@
  line 497, col 25 to line 497, col 51 of module SCS: 11
@!@!@ENDMSG 2221 @!@!@
@!@!@STARTMSG 2221:0 @!@!@
  line 498, col 25 to line 498, col 48 of module SCS: 11
@!@!@ENDMSG 2221 @!@!@
@!@!@STARTMSG 2221:0 @!@!@
  line 499, col 25 to line 499, col 45 of module SCS: 11
@!@!@ENDMSG 2221 @!@!@
@!@!@STARTMSG 2221:0 @!@!@
  line 500, col 25 to line 500, col 42 of module SCS: 11
@!@!@ENDMSG 2221 @!@!@
@!@!@STARTMSG 2221:0 @!@!@
  line 501, col 25 to line 501, col 46 of module SCS: 11
@!@!@ENDMSG 2221 @!@!@
@!@!@STARTMSG 2221:0 @!@!@
  line 502, col 25 to line 502, col 45 of module SCS: 11
@!@!@ENDMSG 2221 @!@!@
@!@!@STARTMSG 2221:0 @!@!@
  line 503, col 25 to line 503, col 50 of module SCS: 11
@!@!@ENDMSG 2221 @!@!@
@!@!@STARTMSG 2772:0 @!@!@
<ReleaseGasPedal line 509, col 1 to line 509, col 15 of module SCS>: 9:12
@!@!@ENDMSG 2772 @!@!@
@!@!@STARTMSG 2221:0 @!@!@
  line 509, col 23 to line 509, col 49 of module SCS: 83
@!@!@ENDMSG 2221 @!@!@
@!@!@STARTMSG 2221:0 @!@!@
  |line 509, col 23 to line 509, col 32 of module SCS: 71
@!@!@ENDMSG 2221 @!@!@
@!@!@STARTMSG 2221:0 @!@!@
  line 510, col 23 to line 510, col 42 of module SCS: 72
@!@!@ENDMSG 2221 @!@!@
@!@!@STARTMSG 2221:0 @!@!@
  |line 510, col 23 to line 510, col 28 of module SCS: 60
@!@!@ENDMSG 2221 @!@!@
@!@!@STARTMSG 2221:0 @!@!@
  line 511, col 23 to line 511, col 47 of module SCS: 70
@!@!@ENDMSG 2221 @!@!@
@!@!@STARTMSG 2221:0 @!@!@
  |line 511, col 23 to line 511, col 30 of module SCS: 58
@!@!@ENDMSG 2221 @!@!@
@!@!@STARTMSG 2221:0 @!@!@
  line 512, col 23 to line 512, col 39 of module SCS: 24
@!@!@ENDMSG 2221 @!@!@
@!@!@STARTMSG 2221:0 @!@!@
  |line 512, col 23 to line 512, col 27 of module SCS: 12
@!@!@ENDMSG 2221 @!@!@
@!@!@STARTMSG 2221:0 @!@!@
  line 513, col 23 to line 513, col 50 of module SCS: 12
@!@!@ENDMSG 2221 @!@!@
@!@!@STARTMSG 2221:0 @!@!@
  line 514, col 23 to line 514, col 48 of module SCS: 12
@!@!@ENDMSG 2221 @!@!@
@!@!@STARTMSG 2221:0 @!@!@
  line 515, col 23 to line 515, col 40 of module SCS: 12
@!@!@ENDMSG 2221 @!@!@
@!@!@STARTMSG 2221:0 @!@!@
  line 516, col 23 to line 516, col 50 of module SCS: 12
@!@!@ENDMSG 2221 @!@!@
@!@!@STARTMSG 2221:0 @!@!@
  line 517, col 23 to line 517, col 50 of module SCS: 12
@!@!@ENDMSG 2221 @!@!@
@!@!@STARTMSG 2221:0 @!@!@
  line 518, col 23 to line 518, col 44 of module SCS: 12
@!@!@ENDMSG 2221 @!@!@
@!@!@STARTMSG 2221:0 @!@!@
  line 519, col 23 to line 519, col 49 of module SCS: 12
@!@!@ENDMSG 2221 @!@!@
@!@!@STARTMSG 2221:0 @!@!@
  line 520, col 23 to line 520, col 49 of module SCS: 12
@!@!@ENDMSG 2221 @!@!@
@!@!@STARTMSG 2221:0 @!@!@
  line 521, col 23 to line 521, col 43 of module SCS: 12
@!@!@ENDMSG 2221 @!@!@
@!@!@STARTMSG 2221:0 @!@!@
  line 522, col 23 to line 522, col 40 of module SCS: 12
@!@!@ENDMSG 2221 @!@!@
@!@!@STARTMSG 2221:0 @!@!@
  line 523, col 23 to line 523, col 44 of module SCS: 12
@!@!@ENDMSG 2221 @!@!@
@!@!@STARTMSG 2221:0 @!@!@
  line 524, col 23 to line 524, col 43 of module SCS: 12
@!@!@ENDMSG 2221 @!@!@
@!@!@STARTMSG 2221:0 @!@!@
  line 525, col 23 to line 525, col 48 of module SCS: 12
@!@!@ENDMSG 2221 @!@!@
@!@!@STARTMSG 2772:0 @!@!@
<TurnLever0 line 530, col 1 to line 530, col 10 of module SCS>: 13:20
@!@!@ENDMSG 2772 @!@!@
@!@!@STARTMSG 2221:0 @!@!@
  line 530, col 18 to line 530, col 37 of module SCS: 90
@!@!@ENDMSG 2221 @!@!@
@!@!@STARTMSG 2221:0 @!@!@
  |line 530, col 18 to line 530, col 23 of module SCS: 70
@!@!@ENDMSG 2221 @!@!@
@!@!@STARTMSG 2221:0 @!@!@
  line 531, col 18 to line 531, col 44 of module SCS: 88
@!@!@ENDMSG 2221 @!@!@
@!@!@STARTMSG 2221:0 @!@!@
  |line 531, col 18 to line 531, col 25 of module SCS: 68
@!@!@ENDMSG 2221 @!@!@
@!@!@STARTMSG 2221:0 @!@!@
  line 532, col 18 to line 532, col 35 of module SCS: 77
@!@!@ENDMSG 2221 @!@!@
@!@!@STARTMSG 2221:0 @!@!@
  |line 532, col 18 to line 532, col 22 of module SCS: 57
@!@!@ENDMSG 2221 @!@!@
@!@!@STARTMSG 2221:0 @!@!@
  line 533, col 18 to line 533, col 45 of module SCS: 20
@!@!@ENDMSG 2221 @!@!@
@!@!@STARTMSG 2221:0 @!@!@
  line 534, col 18 to line 534, col 43 of module SCS: 20
@!@!@ENDMSG 2221 @!@!@
@!@!@STARTMSG 2221:0 @!@!@
  line 535, col 18 to line 535, col 35 of module SCS: 20
@!@!@ENDMSG 2221 @!@!@
@!@!@STARTMSG 2221:0 @!@!@
  line 536, col 18 to line 536, col 45 of module SCS: 20
@!@!@ENDMSG 2221 @!@!@
@!@!@STARTMSG 2221:0 @!@!@
  line 537, col 18 to line 537, col 45 of module SCS: 20
@!@!@ENDMSG 2221 @!@!@
@!@!@STARTMSG 2221:0 @!@!@
  line 538, col 18 to line 538, col 39 of module SCS: 20
@!@!@ENDMSG 2221 @!@!@
@!@!@STARTMSG 2221:0 @!@!@
  line 539, col 18 to line 539, col 44 of module SCS: 20
@!@!@ENDMSG 2221 @!@!@
@!@!@STARTMSG 2221:0 @!@!@
  line 540, col 18 to line 540, col 41 of module SCS: 20
@!@!@ENDMSG 2221 @!@!@
@!@!@STARTMSG 2221:0 @!@!@
  line 541, col 18 to line 541, col 34 of module SCS: 20
@!@!@ENDMSG 2221 @!@!@
@!@!@STARTMSG 2221:0 @!@!@
  line 542, col 18 to line 542, col 35 of module SCS: 20
@!@!@ENDMSG 2221 @!@!@
@!@!@STARTMSG 2221:0 @!@!@
  line 543, col 18 to line 543, col 39 of module SCS: 20
@!@!@ENDMSG 2221 @!@!@
@!@!@STARTMSG 2221:0 @!@!@
  line 544, col 18 to line 544, col 38 of module SCS: 20
@!@!@ENDMSG 2221 @!@!@
@!@!@STARTMSG 2221:0 @!@!@
  line 545, col 18 to line 545, col 43 of module SCS: 20
@!@!@ENDMSG 2221 @!@!@
@!@!@STARTMSG 2772:0 @!@!@
<TurnLever1 line 550, col 1 to line 550, col 10 of module SCS>: 3:4
@!@!@ENDMSG 2772 @!@!@
@!@!@STARTMSG 2221:0 @!@!@
  line 550, col 18 to line 550, col 40 of module SCS: 73
@!@!@ENDMSG 2221 @!@!@
@!@!@STARTMSG 2221:0 @!@!@
  |line 550, col 18 to line 550, col 19 of module SCS: 69
@!@!@ENDMSG 2221 @!@!@
@!@!@STARTMSG 2221:0 @!@!@
  line 551, col 18 to line 551, col 46 of module SCS: 58
@!@!@ENDMSG 2221 @!@!@
@!@!@STARTMSG 2221:0 @!@!@
  |line 551, col 18 to line 551, col 27 of module SCS: 54
@!@!@ENDMSG 2221 @!@!@
@!@!@STARTMSG 2221:0 @!@!@
  line 552, col 18 to line 552, col 39 of module SCS: 47
@!@!@ENDMSG 2221 @!@!@
@!@!@STARTMSG 2221:0 @!@!@
  |line 552, col 18 to line 552, col 23 of module SCS: 43
@!@!@ENDMSG 2221 @!@!@
@!@!@STARTMSG 2221:0 @!@!@
  line 553, col 18 to line 553, col 46 of module SCS: 45
@!@!@ENDMSG 2221 @!@!@
@!@!@STARTMSG 2221:0 @!@!@
  |line 553, col 18 to line 553, col 25 of module SCS: 41
@!@!@ENDMSG 2221 @!@!@
@!@!@STARTMSG 2221:0 @!@!@
  line 554, col 18 to line 554, col 36 of module SCS: 36
@!@!@ENDMSG 2221 @!@!@
@!@!@STARTMSG 2221:0 @!@!@
  |line 554, col 18 to line 554, col 22 of module SCS: 32
@!@!@ENDMSG 2221 @!@!@
@!@!@STARTMSG 2221:0 @!@!@
  line 555, col 18 to line 555, col 40 of module SCS: 23
@!@!@ENDMSG 2221 @!@!@
@!@!@STARTMSG 2221:0 @!@!@
  |line 555, col 18 to line 555, col 19 of module SCS: 19
@!@!@ENDMSG 2221 @!@!@
@!@!@STARTMSG 2221:0 @!@!@
  line 556, col 21 to line 556, col 39 of module SCS: 16
@!@!@ENDMSG 2221 @!@!@
@!@!@STARTMSG 2221:0 @!@!@
  line 557, col 21 to line 557, col 42 of module SCS: 4
@!@!@ENDMSG 2221 @!@!@
@!@!@STARTMSG 2221:0 @!@!@
  |line 557, col 21 to line 557, col 25 of module SCS: 16
@!@!@ENDMSG 2221 @!@!@
@!@!@STARTMSG 2221:0 @!@!@
  |line 557, col 36 to line 557, col 42 of module SCS: 16
@!@!@ENDMSG 2221 @!@!@
@!@!@STARTMSG 2221:0 @!@!@
  line 558, col 18 to line 558, col 40 of module SCS: 4
@!@!@ENDMSG 2221 @!@!@
@!@!@STARTMSG 2221:0 @!@!@
  line 559, col 18 to line 559, col 45 of module SCS: 4
@!@!@ENDMSG 2221 @!@!@
@!@!@STARTMSG 2221:0 @!@!@
  |line 559, col 36 to line 559, col 45 of module SCS: 22
@!@!@ENDMSG 2221 @!@!@
@!@!@STARTMSG 2221:0 @!@!@
  line 560, col 18 to line 560, col 39 of module SCS: 4
@!@!@ENDMSG 2221 @!@!@
@!@!@STARTMSG 2221:0 @!@!@
  line 561, col 18 to line 561, col 47 of module SCS: 4
@!@!@ENDMSG 2221 @!@!@
@!@!@STARTMSG 2221:0 @!@!@
  |line 561, col 36 to line 561, col 47 of module SCS: 22
@!@!@ENDMSG 2221 @!@!@
@!@!@STARTMSG 2221:0 @!@!@
  line 562, col 18 to line 562, col 41 of module SCS: 4
@!@!@ENDMSG 2221 @!@!@
@!@!@STARTMSG 2221:0 @!@!@
  |line 562, col 36 to line 562, col 41 of module SCS: 22
@!@!@ENDMSG 2221 @!@!@
@!@!@STARTMSG 2221:0 @!@!@
  line 563, col 18 to line 563, col 39 of module SCS: 4
@!@!@ENDMSG 2221 @!@!@
@!@!@STARTMSG 2221:0 @!@!@
  |line 563, col 36 to line 563, col 39 of module SCS: 22
@!@!@ENDMSG 2221 @!@!@
@!@!@STARTMSG 2221:0 @!@!@
  line 564, col 18 to line 564, col 43 of module SCS: 4
@!@!@ENDMSG 2221 @!@!@
@!@!@STARTMSG 2221:0 @!@!@
  |line 564, col 36 to line 564, col 43 of module SCS: 22
@!@!@ENDMSG 2221 @!@!@
@!@!@STARTMSG 2221:0 @!@!@
  line 565, col 18 to line 565, col 36 of module SCS: 4
@!@!@ENDMSG 2221 @!@!@
@!@!@STARTMSG 2221:0 @!@!@
  line 566, col 18 to line 566, col 37 of module SCS: 4
@!@!@ENDMSG 2221 @!@!@
@!@!@STARTMSG 2221:0 @!@!@
  |line 566, col 36 to line 566, col 37 of module SCS: 22
@!@!@ENDMSG 2221 @!@!@
@!@!@STARTMSG 2221:0 @!@!@
  line 567, col 18 to line 567, col 41 of module SCS: 4
@!@!@ENDMSG 2221 @!@!@
@!@!@STARTMSG 2221:0 @!@!@
  |line 567, col 36 to line 567, col 41 of module SCS: 22
@!@!@ENDMSG 2221 @!@!@
@!@!@STARTMSG 2221:0 @!@!@
  line 568, col 18 to line 568, col 40 of module SCS: 4
@!@!@ENDMSG 2221 @!@!@
@!@!@STARTMSG 2221:0 @!@!@
  |line 568, col 36 to line 568, col 40 of module SCS: 22
@!@!@ENDMSG 2221 @!@!@
@!@!@STARTMSG 2221:0 @!@!@
  line 569, col 18 to line 569, col 40 of module SCS: 4
@!@!@ENDMSG 2221 @!@!@
@!@!@STARTMSG 2221:0 @!@!@
  line 570, col 21 to line 570, col 39 of module SCS: 22
@!@!@ENDMSG 2221 @!@!@
@!@!@STARTMSG 2221:0 @!@!@
  line 571, col 25 to line 571, col 45 of module SCS: 4
@!@!@ENDMSG 2221 @!@!@
@!@!@STARTMSG 2221:0 @!@!@
  line 572, col 28 to line 572, col 55 of module SCS: 0
@!@!@ENDMSG 2221 @!@!@
@!@!@STARTMSG 2221:0 @!@!@
  |line 572, col 44 to line 572, col 55 of module SCS: 18
@!@!@ENDMSG 2221 @!@!@
@!@!@STARTMSG 2221:0 @!@!@
  line 573, col 28 to line 573, col 49 of module SCS: 18
@!@!@ENDMSG 2221 @!@!@
@!@!@STARTMSG 2221:0 @!@!@
  |line 305, col 27 to line 307, col 51 of module SCS: 18
@!@!@ENDMSG 2221 @!@!@
@!@!@STARTMSG 2221:0 @!@!@
  ||line 305, col 30 to line 305, col 49 of module SCS: 18
@!@!@ENDMSG 2221 @!@!@
@!@!@STARTMSG 2221:0 @!@!@
  ||line 306, col 34 to line 306, col 51 of module SCS: 6
@!@!@ENDMSG 2221 @!@!@
@!@!@STARTMSG 2221:0 @!@!@
  ||line 307, col 34 to line 307, col 51 of module SCS: 12
@!@!@ENDMSG 2221 @!@!@
@!@!@STARTMSG 2772:0 @!@!@
<TurnLever2 line 579, col 1 to line 579, col 10 of module SCS>: 13:20
@!@!@ENDMSG 2772 @!@!@
@!@!@STARTMSG 2221:0 @!@!@
  line 579, col 18 to line 579, col 44 of module SCS: 88
@!@!@ENDMSG 2221 @!@!@
@!@!@STARTMSG 2221:0 @!@!@
  |line 579, col 18 to line 579, col 27 of module SCS: 68
@!@!@ENDMSG 2221 @!@!@
@!@!@STARTMSG 2221:0 @!@!@
  line 580, col 18 to line 580, col 37 of module SCS: 77
@!@!@ENDMSG 2221 @!@!@
@!@!@STARTMSG 2221:0 @!@!@
  |line 580, col 18 to line 580, col 23 of module SCS: 57
@!@!@ENDMSG 2221 @!@!@
@!@!@STARTMSG 2221:0 @!@!@
  line 581, col 18 to line 581, col 44 of module SCS: 75
@!@!@ENDMSG 2221 @!@!@
@!@!@STARTMSG 2221:0 @!@!@
  |line 581, col 18 to line 581, col 25 of module SCS: 55
@!@!@ENDMSG 2221 @!@!@
@!@!@STARTMSG 2221:0 @!@!@
  line 582, col 18 to line 582, col 34 of module SCS: 64
@!@!@ENDMSG 2221 @!@!@
@!@!@STARTMSG 2221:0 @!@!@
  |line 582, col 18 to line 582, col 22 of module SCS: 44
@!@!@ENDMSG 2221 @!@!@
@!@!@STARTMSG 2221:0 @!@!@
  line 583, col 18 to line 583, col 45 of module SCS: 20
@!@!@ENDMSG 2221 @!@!@
@!@!@STARTMSG 2221:0 @!@!@
  |line 583, col 34 to line 583, col 45 of module SCS: 25
@!@!@ENDMSG 2221 @!@!@
@!@!@STARTMSG 2221:0 @!@!@
  line 584, col 18 to line 584, col 43 of module SCS: 20
@!@!@ENDMSG 2221 @!@!@
@!@!@STARTMSG 2221:0 @!@!@
  |line 584, col 34 to line 584, col 43 of module SCS: 25
@!@!@ENDMSG 2221 @!@!@
@!@!@STARTMSG 2221:0 @!@!@
  line 585, col 18 to line 585, col 35 of module SCS: 20
@!@!@ENDMSG 2221 @!@!@
@!@!@STARTMSG 2221:0 @!@!@
  |line 585, col 34 to line 585, col 35 of module SCS: 25
@!@!@ENDMSG 2221 @!@!@
@!@!@STARTMSG 2221:0 @!@!@
  line 586, col 18 to line 586, col 39 of module SCS: 20
@!@!@ENDMSG 2221 @!@!@
@!@!@STARTMSG 2221:0 @!@!@
  |line 586, col 34 to line 586, col 39 of module SCS: 25
@!@!@ENDMSG 2221 @!@!@
@!@!@STARTMSG 2221:0 @!@!@
  line 587, col 18 to line 587, col 44 of module SCS: 20
@!@!@ENDMSG 2221 @!@!@
@!@!@STARTMSG 2221:0 @!@!@
  |line 587, col 34 to line 587, col 44 of module SCS: 25
@!@!@ENDMSG 2221 @!@!@
@!@!@STARTMSG 2221:0 @!@!@
  line 588, col 18 to line 588, col 41 of module SCS: 20
@!@!@ENDMSG 2221 @!@!@
@!@!@STARTMSG 2221:0 @!@!@
  |line 588, col 34 to line 588, col 41 of module SCS: 25
@!@!@ENDMSG 2221 @!@!@
@!@!@STARTMSG 2221:0 @!@!@
  line 589, col 18 to line 589, col 34 of module SCS: 20
@!@!@ENDMSG 2221 @!@!@
@!@!@STARTMSG 2221:0 @!@!@
  line 590, col 18 to line 590, col 35 of module SCS: 20
@!@!@ENDMSG 2221 @!@!@
@!@!@STARTMSG 2221:0 @!@!@
  |line 590, col 34 to line 590, col 35 of module SCS: 25
@!@!@ENDMSG 2221 @!@!@
@!@!@STARTMSG 2221:0 @!@!@
  line 591, col 18 to line 591, col 39 of module SCS: 20
@!@!@ENDMSG 2221 @!@!@
@!@!@STARTMSG 2221:0 @!@!@
  |line 591, col 34 to line 591, col 39 of module SCS: 25
@!@!@ENDMSG 2221 @!@!@
@!@!@STARTMSG 2221:0 @!@!@
  line 592, col 18 to line 592, col 38 of module SCS: 20
@!@!@ENDMSG 2221 @!@!@
@!@!@STARTMSG 2221:0 @!@!@
  |line 592, col 34 to line 592, col 38 of module SCS: 25
@!@!@ENDMSG 2221 @!@!@
@!@!@STARTMSG 2221:0 @!@!@
  line 593, col 18 to line 593, col 43 of module SCS: 20
@!@!@ENDMSG 2221 @!@!@
@!@!@STARTMSG 2221:0 @!@!@
  |line 593, col 34 to line 593, col 43 of module SCS: 25
@!@!@ENDMSG 2221 @!@!@
@!@!@STARTMSG 2221:0 @!@!@
  line 594, col 24 to line 594, col 43 of module SCS: 32
@!@!@ENDMSG 2221 @!@!@
@!@!@STARTMSG 2221:0 @!@!@
  |line 594, col 24 to line 594, col 25 of module SCS: 25
@!@!@ENDMSG 2221 @!@!@
@!@!@STARTMSG 2221:0 @!@!@
  line 595, col 24 to line 595, col 47 of module SCS: 7
@!@!@ENDMSG 2221 @!@!@
@!@!@STARTMSG 2221:0 @!@!@
  line 596, col 24 to line 596, col 44 of module SCS: 14
@!@!@ENDMSG 2221 @!@!@
@!@!@STARTMSG 2221:0 @!@!@
  |line 596, col 24 to line 596, col 25 of module SCS: 7
@!@!@ENDMSG 2221 @!@!@
@!@!@STARTMSG 2221:0 @!@!@
  line 597, col 24 to line 597, col 51 of module SCS: 7
@!@!@ENDMSG 2221 @!@!@
@!@!@STARTMSG 2221:0 @!@!@
  line 598, col 24 to line 598, col 68 of module SCS: 7
@!@!@ENDMSG 2221 @!@!@
@!@!@STARTMSG 2221:0 @!@!@
  line 599, col 24 to line 599, col 44 of module SCS: 28
@!@!@ENDMSG 2221 @!@!@
@!@!@STARTMSG 2221:0 @!@!@
  |line 599, col 24 to line 599, col 25 of module SCS: 25
@!@!@ENDMSG 2221 @!@!@
@!@!@STARTMSG 2221:0 @!@!@
  line 600, col 24 to line 600, col 47 of module SCS: 3
@!@!@ENDMSG 2221 @!@!@
@!@!@STARTMSG 2221:0 @!@!@
  |line 600, col 24 to line 600, col 35 of module SCS: 18
@!@!@ENDMSG 2221 @!@!@
@!@!@STARTMSG 2221:0 @!@!@
  |line 600, col 40 to line 600, col 47 of module SCS: 18
@!@!@ENDMSG 2221 @!@!@
@!@!@STARTMSG 2221:0 @!@!@
  line 601, col 24 to line 601, col 43 of module SCS: 21
@!@!@ENDMSG 2221 @!@!@
@!@!@STARTMSG 2221:0 @!@!@
  |line 601, col 24 to line 601, col 25 of module SCS: 18
@!@!@ENDMSG 2221 @!@!@
@!@!@STARTMSG 2221:0 @!@!@
  line 602, col 24 to line 602, col 68 of module SCS: 3
@!@!@ENDMSG 2221 @!@!@
@!@!@STARTMSG 2221:0 @!@!@
  line 603, col 24 to line 603, col 51 of module SCS: 3
@!@!@ENDMSG 2221 @!@!@
@!@!@STARTMSG 2221:0 @!@!@
  line 604, col 24 to line 604, col 44 of module SCS: 35
@!@!@ENDMSG 2221 @!@!@
@!@!@STARTMSG 2221:0 @!@!@
  |line 604, col 24 to line 604, col 25 of module SCS: 25
@!@!@ENDMSG 2221 @!@!@
@!@!@STARTMSG 2221:0 @!@!@
  line 605, col 24 to line 605, col 46 of module SCS: 10
@!@!@ENDMSG 2221 @!@!@
@!@!@STARTMSG 2221:0 @!@!@
  |line 605, col 24 to line 605, col 28 of module SCS: 18
@!@!@ENDMSG 2221 @!@!@
@!@!@STARTMSG 2221:0 @!@!@
  |line 605, col 40 to line 605, col 46 of module SCS: 18
@!@!@ENDMSG 2221 @!@!@
@!@!@STARTMSG 2221:0 @!@!@
  line 606, col 24 to line 606, col 44 of module SCS: 20
@!@!@ENDMSG 2221 @!@!@
@!@!@STARTMSG 2221:0 @!@!@
  |line 606, col 24 to line 606, col 25 of module SCS: 10
@!@!@ENDMSG 2221 @!@!@
@!@!@STARTMSG 2221:0 @!@!@
  line 607, col 24 to line 607, col 51 of module SCS: 10
@!@!@ENDMSG 2221 @!@!@
@!@!@STARTMSG 2221:0 @!@!@
  line 608, col 24 to line 608, col 44 of module SCS: 10
@!@!@ENDMSG 2221 @!@!@
@!@!@STARTMSG 2772:0 @!@!@
<TurnLever3 line 615, col 1 to line 615, col 10 of module SCS>: 6:13
@!@!@ENDMSG 2772 @!@!@
@!@!@STARTMSG 2221:0 @!@!@
  line 615, col 18 to line 615, col 44 of module SCS: 81
@!@!@ENDMSG 2221 @!@!@
@!@!@STARTMSG 2221:0 @!@!@
  |line 615, col 18 to line 615, col 27 of module SCS: 68
@!@!@ENDMSG 2221 @!@!@
@!@!@STARTMSG 2221:0 @!@!@
  line 616, col 18 to line 616, col 37 of module SCS: 70
@!@!@ENDMSG 2221 @!@!@
@!@!@STARTMSG 2221:0 @!@!@
  |line 616, col 18 to line 616, col 23 of module SCS: 57
@!@!@ENDMSG 2221 @!@!@
@!@!@STARTMSG 2221:0 @!@!@
  line 617, col 18 to line 617, col 44 of module SCS: 68
@!@!@ENDMSG 2221 @!@!@
@!@!@STARTMSG 2221:0 @!@!@
  |line 617, col 18 to line 617, col 25 of module SCS: 55
@!@!@ENDMSG 2221 @!@!@
@!@!@STARTMSG 2221:0 @!@!@
  line 618, col 18 to line 618, col 34 of module SCS: 57
@!@!@ENDMSG 2221 @!@!@
@!@!@STARTMSG 2221:0 @!@!@
  |line 618, col 18 to line 618, col 22 of module SCS: 44
@!@!@ENDMSG 2221 @!@!@
@!@!@STARTMSG 2221:0 @!@!@
  line 619, col 18 to line 619, col 45 of module SCS: 13
@!@!@ENDMSG 2221 @!@!@
@!@!@STARTMSG 2221:0 @!@!@
  |line 619, col 34 to line 619, col 45 of module SCS: 25
@!@!@ENDMSG 2221 @!@!@
@!@!@STARTMSG 2221:0 @!@!@
  line 620, col 18 to line 620, col 43 of module SCS: 13
@!@!@ENDMSG 2221 @!@!@
@!@!@STARTMSG 2221:0 @!@!@
  |line 620, col 34 to line 620, col 43 of module SCS: 25
@!@!@ENDMSG 2221 @!@!@
@!@!@STARTMSG 2221:0 @!@!@
  line 621, col 18 to line 621, col 35 of module SCS: 13
@!@!@ENDMSG 2221 @!@!@
@!@!@STARTMSG 2221:0 @!@!@
  |line 621, col 34 to line 621, col 35 of module SCS: 25
@!@!@ENDMSG 2221 @!@!@
@!@!@STARTMSG 2221:0 @!@!@
  line 622, col 18 to line 622, col 39 of module SCS: 13
@!@!@ENDMSG 2221 @!@!@
@!@!@STARTMSG 2221:0 @!@!@
  |line 622, col 34 to line 622, col 39 of module SCS: 25
@!@!@ENDMSG 2221 @!@!@
@!@!@STARTMSG 2221:0 @!@!@
  line 623, col 18 to line 623, col 44 of module SCS: 13
@!@!@ENDMSG 2221 @!@!@
@!@!@STARTMSG 2221:0 @!@!@
  |line 623, col 34 to line 623, col 44 of module SCS: 25
@!@!@ENDMSG 2221 @!@!@
@!@!@STARTMSG 2221:0 @!@!@
  line 624, col 18 to line 624, col 41 of module SCS: 13
@!@!@ENDMSG 2221 @!@!@
@!@!@STARTMSG 2221:0 @!@!@
  |line 624, col 34 to line 624, col 41 of module SCS: 25
@!@!@ENDMSG 2221 @!@!@
@!@!@STARTMSG 2221:0 @!@!@
  line 625, col 18 to line 625, col 34 of module SCS: 13
@!@!@ENDMSG 2221 @!@!@
@!@!@STARTMSG 2221:0 @!@!@
  line 626, col 18 to line 626, col 35 of module SCS: 13
@!@!@ENDMSG 2221 @!@!@
@!@!@STARTMSG 2221:0 @!@!@
  |line 626, col 34 to line 626, col 35 of module SCS: 25
@!@!@ENDMSG 2221 @!@!@
@!@!@STARTMSG 2221:0 @!@!@
  line 627, col 18 to line 627, col 39 of module SCS: 13
@!@!@ENDMSG 2221 @!@!@
@!@!@STARTMSG 2221:0 @!@!@
  |line 627, col 34 to line 627, col 39 of module SCS: 25
@!@!@ENDMSG 2221 @!@!@
@!@!@STARTMSG 2221:0 @!@!@
  line 628, col 18 to line 628, col 38 of module SCS: 13
@!@!@ENDMSG 2221 @!@!@
@!@!@STARTMSG 2221:0 @!@!@
  |line 628, col 34 to line 628, col 38 of module SCS: 25
@!@!@ENDMSG 2221 @!@!@
@!@!@STARTMSG 2221:0 @!@!@
  line 629, col 18 to line 629, col 43 of module SCS: 13
@!@!@ENDMSG 2221 @!@!@
@!@!@STARTMSG 2221:0 @!@!@
  |line 629, col 34 to line 629, col 43 of module SCS: 25
@!@!@ENDMSG 2221 @!@!@
@!@!@STARTMSG 2221:0 @!@!@
  line 630, col 24 to line 630, col 43 of module SCS: 28
@!@!@ENDMSG 2221 @!@!@
@!@!@STARTMSG 2221:0 @!@!@
  |line 630, col 24 to line 630, col 25 of module SCS: 25
@!@!@ENDMSG 2221 @!@!@
@!@!@STARTMSG 2221:0 @!@!@
  line 631, col 24 to line 631, col 47 of module SCS: 3
@!@!@ENDMSG 2221 @!@!@
@!@!@STARTMSG 2221:0 @!@!@
  |line 631, col 24 to line 631, col 35 of module SCS: 7
@!@!@ENDMSG 2221 @!@!@
@!@!@STARTMSG 2221:0 @!@!@
  |line 631, col 40 to line 631, col 47 of module SCS: 7
@!@!@ENDMSG 2221 @!@!@
@!@!@STARTMSG 2221:0 @!@!@
  line 632, col 24 to line 632, col 44 of module SCS: 6
@!@!@ENDMSG 2221 @!@!@
@!@!@STARTMSG 2221:0 @!@!@
  |line 632, col 24 to line 632, col 25 of module SCS: 3
@!@!@ENDMSG 2221 @!@!@
@!@!@STARTMSG 2221:0 @!@!@
  line 633, col 24 to line 633, col 51 of module SCS: 3
@!@!@ENDMSG 2221 @!@!@
@!@!@STARTMSG 2221:0 @!@!@
  line 634, col 24 to line 634, col 68 of module SCS: 3
@!@!@ENDMSG 2221 @!@!@
@!@!@STARTMSG 2221:0 @!@!@
  line 635, col 24 to line 635, col 44 of module SCS: 25
@!@!@ENDMSG 2221 @!@!@
@!@!@STARTMSG 2221:0 @!@!@
  line 636, col 24 to line 636, col 47 of module SCS: 18
@!@!@ENDMSG 2221 @!@!@
@!@!@STARTMSG 2221:0 @!@!@
  line 639, col 24 to line 639, col 68 of module SCS: 0
@!@!@ENDMSG 2221 @!@!@
@!@!@STARTMSG 2221:0 @!@!@
  line 640, col 24 to line 640, col 51 of module SCS: 0
@!@!@ENDMSG 2221 @!@!@
@!@!@STARTMSG 2221:0 @!@!@
  line 641, col 24 to line 641, col 44 of module SCS: 35
@!@!@ENDMSG 2221 @!@!@
@!@!@STARTMSG 2221:0 @!@!@
  |line 641, col 24 to line 641, col 25 of module SCS: 25
@!@!@ENDMSG 2221 @!@!@
@!@!@STARTMSG 2221:0 @!@!@
  line 642, col 24 to line 642, col 46 of module SCS: 10
@!@!@ENDMSG 2221 @!@!@
@!@!@STARTMSG 2221:0 @!@!@
  |line 642, col 24 to line 642, col 28 of module SCS: 18
@!@!@ENDMSG 2221 @!@!@
@!@!@STARTMSG 2221:0 @!@!@
  |line 642, col 40 to line 642, col 46 of module SCS: 18
@!@!@ENDMSG 2221 @!@!@
@!@!@STARTMSG 2221:0 @!@!@
  line 643, col 24 to line 643, col 44 of module SCS: 20
@!@!@ENDMSG 2221 @!@!@
@!@!@STARTMSG 2221:0 @!@!@
  |line 643, col 24 to line 643, col 25 of module SCS: 10
@!@!@ENDMSG 2221 @!@!@
@!@!@STARTMSG 2221:0 @!@!@
  line 644, col 24 to line 644, col 51 of module SCS: 10
@!@!@ENDMSG 2221 @!@!@
@!@!@STARTMSG 2221:0 @!@!@
  line 645, col 24 to line 645, col 44 of module SCS: 10
@!@!@ENDMSG 2221 @!@!@
@!@!@STARTMSG 2772:0 @!@!@
<TurnLever4 line 682, col 1 to line 682, col 10 of module SCS>: 7:10
@!@!@ENDMSG 2772 @!@!@
@!@!@STARTMSG 2221:0 @!@!@
  line 682, col 18 to line 682, col 44 of module SCS: 78
@!@!@ENDMSG 2221 @!@!@
@!@!@STARTMSG 2221:0 @!@!@
  |line 682, col 18 to line 682, col 27 of module SCS: 68
@!@!@ENDMSG 2221 @!@!@
@!@!@STARTMSG 2221:0 @!@!@
  line 683, col 21 to line 683, col 40 of module SCS: 64
@!@!@ENDMSG 2221 @!@!@
@!@!@STARTMSG 2221:0 @!@!@
  |line 683, col 21 to line 683, col 22 of module SCS: 57
@!@!@ENDMSG 2221 @!@!@
@!@!@STARTMSG 2221:0 @!@!@
  line 684, col 21 to line 684, col 40 of module SCS: 60
@!@!@ENDMSG 2221 @!@!@
@!@!@STARTMSG 2221:0 @!@!@
  |line 684, col 21 to line 684, col 22 of module SCS: 57
@!@!@ENDMSG 2221 @!@!@
@!@!@STARTMSG 2221:0 @!@!@
  line 685, col 18 to line 685, col 37 of module SCS: 32
@!@!@ENDMSG 2221 @!@!@
@!@!@STARTMSG 2221:0 @!@!@
  |line 685, col 18 to line 685, col 23 of module SCS: 22
@!@!@ENDMSG 2221 @!@!@
@!@!@STARTMSG 2221:0 @!@!@
  line 686, col 18 to line 686, col 44 of module SCS: 32
@!@!@ENDMSG 2221 @!@!@
@!@!@STARTMSG 2221:0 @!@!@
  |line 686, col 18 to line 686, col 25 of module SCS: 22
@!@!@ENDMSG 2221 @!@!@
@!@!@STARTMSG 2221:0 @!@!@
  line 687, col 18 to line 687, col 34 of module SCS: 30
@!@!@ENDMSG 2221 @!@!@
@!@!@STARTMSG 2221:0 @!@!@
  |line 687, col 18 to line 687, col 22 of module SCS: 20
@!@!@ENDMSG 2221 @!@!@
@!@!@STARTMSG 2221:0 @!@!@
  line 688, col 18 to line 688, col 43 of module SCS: 10
@!@!@ENDMSG 2221 @!@!@
@!@!@STARTMSG 2221:0 @!@!@
  line 689, col 18 to line 689, col 38 of module SCS: 10
@!@!@ENDMSG 2221 @!@!@
@!@!@STARTMSG 2221:0 @!@!@
  line 690, col 18 to line 690, col 38 of module SCS: 10
@!@!@ENDMSG 2221 @!@!@
@!@!@STARTMSG 2221:0 @!@!@
  line 691, col 18 to line 691, col 45 of module SCS: 10
@!@!@ENDMSG 2221 @!@!@
@!@!@STARTMSG 2221:0 @!@!@
  line 692, col 18 to line 692, col 45 of module SCS: 10
@!@!@ENDMSG 2221 @!@!@
@!@!@STARTMSG 2221:0 @!@!@
  line 693, col 18 to line 693, col 39 of module SCS: 10
@!@!@ENDMSG 2221 @!@!@
@!@!@STARTMSG 2221:0 @!@!@
  line 694, col 18 to line 694, col 37 of module SCS: 10
@!@!@ENDMSG 2221 @!@!@
@!@!@STARTMSG 2221:0 @!@!@
  line 695, col 18 to line 695, col 41 of module SCS: 10
@!@!@ENDMSG 2221 @!@!@
@!@!@STARTMSG 2221:0 @!@!@
  line 696, col 18 to line 696, col 34 of module SCS: 10
@!@!@ENDMSG 2221 @!@!@
@!@!@STARTMSG 2221:0 @!@!@
  line 697, col 18 to line 697, col 38 of module SCS: 10
@!@!@ENDMSG 2221 @!@!@
@!@!@STARTMSG 2221:0 @!@!@
  line 698, col 18 to line 698, col 38 of module SCS: 10
@!@!@ENDMSG 2221 @!@!@
@!@!@STARTMSG 2221:0 @!@!@
  line 699, col 18 to line 699, col 38 of module SCS: 10
@!@!@ENDMSG 2221 @!@!@
@!@!@STARTMSG 2221:0 @!@!@
  line 700, col 18 to line 700, col 38 of module SCS: 10
@!@!@ENDMSG 2221 @!@!@
@!@!@STARTMSG 2772:0 @!@!@
<TurnLever5 line 705, col 1 to line 705, col 10 of module SCS>: 8:8
@!@!@ENDMSG 2772 @!@!@
@!@!@STARTMSG 2221:0 @!@!@
  line 705, col 18 to line 705, col 44 of module SCS: 76
@!@!@ENDMSG 2221 @!@!@
@!@!@STARTMSG 2221:0 @!@!@
  |line 705, col 18 to line 705, col 27 of module SCS: 68
@!@!@ENDMSG 2221 @!@!@
@!@!@STARTMSG 2221:0 @!@!@
  line 706, col 18 to line 706, col 38 of module SCS: 65
@!@!@ENDMSG 2221 @!@!@
@!@!@STARTMSG 2221:0 @!@!@
  |line 706, col 18 to line 706, col 19 of module SCS: 57
@!@!@ENDMSG 2221 @!@!@
@!@!@STARTMSG 2221:0 @!@!@
  line 707, col 18 to line 707, col 37 of module SCS: 50
@!@!@ENDMSG 2221 @!@!@
@!@!@STARTMSG 2221:0 @!@!@
  |line 707, col 18 to line 707, col 23 of module SCS: 42
@!@!@ENDMSG 2221 @!@!@
@!@!@STARTMSG 2221:0 @!@!@
  line 708, col 18 to line 708, col 44 of module SCS: 48
@!@!@ENDMSG 2221 @!@!@
@!@!@STARTMSG 2221:0 @!@!@
  |line 708, col 18 to line 708, col 25 of module SCS: 40
@!@!@ENDMSG 2221 @!@!@
@!@!@STARTMSG 2221:0 @!@!@
  line 709, col 18 to line 709, col 34 of module SCS: 39
@!@!@ENDMSG 2221 @!@!@
@!@!@STARTMSG 2221:0 @!@!@
  |line 709, col 18 to line 709, col 22 of module SCS: 31
@!@!@ENDMSG 2221 @!@!@
@!@!@STARTMSG 2221:0 @!@!@
  line 710, col 18 to line 710, col 46 of module SCS: 8
@!@!@ENDMSG 2221 @!@!@
@!@!@STARTMSG 2221:0 @!@!@
  |line 710, col 18 to line 710, col 22 of module SCS: 18
@!@!@ENDMSG 2221 @!@!@
@!@!@STARTMSG 2221:0 @!@!@
  |line 710, col 35 to line 710, col 46 of module SCS: 18
@!@!@ENDMSG 2221 @!@!@
@!@!@STARTMSG 2221:0 @!@!@
  line 711, col 18 to line 711, col 45 of module SCS: 8
@!@!@ENDMSG 2221 @!@!@
@!@!@STARTMSG 2221:0 @!@!@
  line 712, col 18 to line 712, col 43 of module SCS: 8
@!@!@ENDMSG 2221 @!@!@
@!@!@STARTMSG 2221:0 @!@!@
  line 713, col 18 to line 713, col 35 of module SCS: 8
@!@!@ENDMSG 2221 @!@!@
@!@!@STARTMSG 2221:0 @!@!@
  line 714, col 18 to line 714, col 45 of module SCS: 8
@!@!@ENDMSG 2221 @!@!@
@!@!@STARTMSG 2221:0 @!@!@
  line 715, col 18 to line 715, col 45 of module SCS: 8
@!@!@ENDMSG 2221 @!@!@
@!@!@STARTMSG 2221:0 @!@!@
  line 716, col 18 to line 716, col 39 of module SCS: 8
@!@!@ENDMSG 2221 @!@!@
@!@!@STARTMSG 2221:0 @!@!@
  line 717, col 18 to line 717, col 44 of module SCS: 8
@!@!@ENDMSG 2221 @!@!@
@!@!@STARTMSG 2221:0 @!@!@
  line 718, col 18 to line 718, col 41 of module SCS: 8
@!@!@ENDMSG 2221 @!@!@
@!@!@STARTMSG 2221:0 @!@!@
  line 719, col 18 to line 719, col 34 of module SCS: 8
@!@!@ENDMSG 2221 @!@!@
@!@!@STARTMSG 2221:0 @!@!@
  line 720, col 24 to line 720, col 37 of module SCS: 11
@!@!@ENDMSG 2221 @!@!@
@!@!@STARTMSG 2221:0 @!@!@
  |line 720, col 24 to line 720, col 25 of module SCS: 8
@!@!@ENDMSG 2221 @!@!@
@!@!@STARTMSG 2221:0 @!@!@
  line 721, col 24 to line 721, col 38 of module SCS: 3
@!@!@ENDMSG 2221 @!@!@
@!@!@STARTMSG 2221:0 @!@!@
  line 722, col 24 to line 722, col 38 of module SCS: 3
@!@!@ENDMSG 2221 @!@!@
@!@!@STARTMSG 2221:0 @!@!@
  line 723, col 24 to line 723, col 38 of module SCS: 13
@!@!@ENDMSG 2221 @!@!@
@!@!@STARTMSG 2221:0 @!@!@
  |line 723, col 24 to line 723, col 25 of module SCS: 8
@!@!@ENDMSG 2221 @!@!@
@!@!@STARTMSG 2221:0 @!@!@
  line 724, col 24 to line 724, col 37 of module SCS: 5
@!@!@ENDMSG 2221 @!@!@
@!@!@STARTMSG 2221:0 @!@!@
  line 725, col 24 to line 725, col 37 of module SCS: 5
@!@!@ENDMSG 2221 @!@!@
@!@!@STARTMSG 2221:0 @!@!@
  line 726, col 18 to line 726, col 38 of module SCS: 8
@!@!@ENDMSG 2221 @!@!@
@!@!@STARTMSG 2221:0 @!@!@
  line 727, col 18 to line 727, col 43 of module SCS: 8
@!@!@ENDMSG 2221 @!@!@
@!@!@STARTMSG 2772:0 @!@!@
<TurnEngineOff line 732, col 1 to line 732, col 13 of module SCS>: 1:14
@!@!@ENDMSG 2772 @!@!@
@!@!@STARTMSG 2221:0 @!@!@
  line 732, col 21 to line 732, col 47 of module SCS: 82
@!@!@ENDMSG 2221 @!@!@
@!@!@STARTMSG 2221:0 @!@!@
  |line 732, col 21 to line 732, col 30 of module SCS: 68
@!@!@ENDMSG 2221 @!@!@
@!@!@STARTMSG 2221:0 @!@!@
  line 733, col 21 to line 733, col 40 of module SCS: 71
@!@!@ENDMSG 2221 @!@!@
@!@!@STARTMSG 2221:0 @!@!@
  |line 733, col 21 to line 733, col 26 of module SCS: 57
@!@!@ENDMSG 2221 @!@!@
@!@!@STARTMSG 2221:0 @!@!@
  line 734, col 21 to line 734, col 47 of module SCS: 69
@!@!@ENDMSG 2221 @!@!@
@!@!@STARTMSG 2221:0 @!@!@
  |line 734, col 21 to line 734, col 28 of module SCS: 55
@!@!@ENDMSG 2221 @!@!@
@!@!@STARTMSG 2221:0 @!@!@
  line 735, col 21 to line 735, col 43 of module SCS: 58
@!@!@ENDMSG 2221 @!@!@
@!@!@STARTMSG 2221:0 @!@!@
  |line 735, col 21 to line 735, col 25 of module SCS: 44
@!@!@ENDMSG 2221 @!@!@
@!@!@STARTMSG 2221:0 @!@!@
  |line 735, col 37 to line 735, col 43 of module SCS: 44
@!@!@ENDMSG 2221 @!@!@
@!@!@STARTMSG 2221:0 @!@!@
  line 736, col 21 to line 736, col 41 of module SCS: 14
@!@!@ENDMSG 2221 @!@!@
@!@!@STARTMSG 2221:0 @!@!@
  line 737, col 21 to line 737, col 46 of module SCS: 14
@!@!@ENDMSG 2221 @!@!@
@!@!@STARTMSG 2221:0 @!@!@
  line 738, col 21 to line 738, col 41 of module SCS: 14
@!@!@ENDMSG 2221 @!@!@
@!@!@STARTMSG 2221:0 @!@!@
  line 739, col 21 to line 739, col 40 of module SCS: 14
@!@!@ENDMSG 2221 @!@!@
@!@!@STARTMSG 2221:0 @!@!@
  line 740, col 21 to line 740, col 40 of module SCS: 14
@!@!@ENDMSG 2221 @!@!@
@!@!@STARTMSG 2221:0 @!@!@
  line 741, col 21 to line 741, col 41 of module SCS: 14
@!@!@ENDMSG 2221 @!@!@
@!@!@STARTMSG 2221:0 @!@!@
  line 742, col 21 to line 742, col 40 of module SCS: 14
@!@!@ENDMSG 2221 @!@!@
@!@!@STARTMSG 2221:0 @!@!@
  line 743, col 21 to line 743, col 44 of module SCS: 14
@!@!@ENDMSG 2221 @!@!@
@!@!@STARTMSG 2221:0 @!@!@
  line 744, col 21 to line 744, col 37 of module SCS: 14
@!@!@ENDMSG 2221 @!@!@
@!@!@STARTMSG 2221:0 @!@!@
  line 745, col 21 to line 745, col 41 of module SCS: 14
@!@!@ENDMSG 2221 @!@!@
@!@!@STARTMSG 2221:0 @!@!@
  line 746, col 21 to line 746, col 41 of module SCS: 14
@!@!@ENDMSG 2221 @!@!@
@!@!@STARTMSG 2221:0 @!@!@
  line 747, col 21 to line 747, col 43 of module SCS: 14
@!@!@ENDMSG 2221 @!@!@
@!@!@STARTMSG 2221:0 @!@!@
  line 748, col 21 to line 748, col 46 of module SCS: 14
@!@!@ENDMSG 2221 @!@!@
@!@!@STARTMSG 2772:0 @!@!@
<TurnEngineOn line 753, col 1 to line 753, col 12 of module SCS>: 1:2
@!@!@ENDMSG 2772 @!@!@
@!@!@STARTMSG 2221:0 @!@!@
  line 753, col 20 to line 753, col 46 of module SCS: 70
@!@!@ENDMSG 2221 @!@!@
@!@!@STARTMSG 2221:0 @!@!@
  |line 753, col 20 to line 753, col 29 of module SCS: 68
@!@!@ENDMSG 2221 @!@!@
@!@!@STARTMSG 2221:0 @!@!@
  line 754, col 20 to line 754, col 40 of module SCS: 59
@!@!@ENDMSG 2221 @!@!@
@!@!@STARTMSG 2221:0 @!@!@
  |line 754, col 20 to line 754, col 21 of module SCS: 57
@!@!@ENDMSG 2221 @!@!@
@!@!@STARTMSG 2221:0 @!@!@
  line 755, col 20 to line 755, col 40 of module SCS: 44
@!@!@ENDMSG 2221 @!@!@
@!@!@STARTMSG 2221:0 @!@!@
  |line 755, col 20 to line 755, col 25 of module SCS: 42
@!@!@ENDMSG 2221 @!@!@
@!@!@STARTMSG 2221:0 @!@!@
  line 756, col 20 to line 756, col 46 of module SCS: 4
@!@!@ENDMSG 2221 @!@!@
@!@!@STARTMSG 2221:0 @!@!@
  |line 756, col 20 to line 756, col 27 of module SCS: 2
@!@!@ENDMSG 2221 @!@!@
@!@!@STARTMSG 2221:0 @!@!@
  line 757, col 20 to line 757, col 36 of module SCS: 4
@!@!@ENDMSG 2221 @!@!@
@!@!@STARTMSG 2221:0 @!@!@
  |line 757, col 20 to line 757, col 24 of module SCS: 2
@!@!@ENDMSG 2221 @!@!@
@!@!@STARTMSG 2221:0 @!@!@
  line 758, col 20 to line 758, col 40 of module SCS: 4
@!@!@ENDMSG 2221 @!@!@
@!@!@STARTMSG 2221:0 @!@!@
  |line 758, col 20 to line 758, col 21 of module SCS: 2
@!@!@ENDMSG 2221 @!@!@
@!@!@STARTMSG 2221:0 @!@!@
  line 759, col 20 to line 759, col 47 of module SCS: 2
@!@!@ENDMSG 2221 @!@!@
@!@!@STARTMSG 2221:0 @!@!@
  line 760, col 20 to line 760, col 45 of module SCS: 2
@!@!@ENDMSG 2221 @!@!@
@!@!@STARTMSG 2221:0 @!@!@
  line 761, col 20 to line 761, col 37 of module SCS: 2
@!@!@ENDMSG 2221 @!@!@
@!@!@STARTMSG 2221:0 @!@!@
  line 762, col 20 to line 762, col 39 of module SCS: 2
@!@!@ENDMSG 2221 @!@!@
@!@!@STARTMSG 2221:0 @!@!@
  line 763, col 20 to line 763, col 47 of module SCS: 2
@!@!@ENDMSG 2221 @!@!@
@!@!@STARTMSG 2221:0 @!@!@
  line 764, col 20 to line 764, col 39 of module SCS: 2
@!@!@ENDMSG 2221 @!@!@
@!@!@STARTMSG 2221:0 @!@!@
  line 765, col 20 to line 765, col 46 of module SCS: 2
@!@!@ENDMSG 2221 @!@!@
@!@!@STARTMSG 2221:0 @!@!@
  line 766, col 20 to line 766, col 43 of module SCS: 2
@!@!@ENDMSG 2221 @!@!@
@!@!@STARTMSG 2221:0 @!@!@
  line 767, col 20 to line 767, col 36 of module SCS: 2
@!@!@ENDMSG 2221 @!@!@
@!@!@STARTMSG 2221:0 @!@!@
  line 768, col 20 to line 768, col 37 of module SCS: 2
@!@!@ENDMSG 2221 @!@!@
@!@!@STARTMSG 2221:0 @!@!@
  line 769, col 20 to line 769, col 41 of module SCS: 2
@!@!@ENDMSG 2221 @!@!@
@!@!@STARTMSG 2221:0 @!@!@
  line 770, col 20 to line 770, col 36 of module SCS: 2
@!@!@ENDMSG 2221 @!@!@
@!@!@STARTMSG 2221:0 @!@!@
  line 771, col 20 to line 771, col 45 of module SCS: 2
@!@!@ENDMSG 2221 @!@!@
@!@!@STARTMSG 2774:0 @!@!@
<TypeOK line 252, col 1 to line 252, col 6 of module SCS>
@!@!@ENDMSG 2774 @!@!@
@!@!@STARTMSG 2221:0 @!@!@
  line 252, col 11 to line 264, col 43 of module SCS: 121
@!@!@ENDMSG 2221 @!@!@
@!@!@STARTMSG 2221:0 @!@!@
  |line 252, col 14 to line 252, col 43 of module SCS: 121
@!@!@ENDMSG 2221 @!@!@
@!@!@STARTMSG 2221:0 @!@!@
  |line 253, col 14 to line 253, col 54 of module SCS: 121
@!@!@ENDMSG 2221 @!@!@
@!@!@STARTMSG 2221:0 @!@!@
  |line 254, col 14 to line 254, col 43 of module SCS: 121
@!@!@ENDMSG 2221 @!@!@
@!@!@STARTMSG 2221:0 @!@!@
  |line 255, col 14 to line 255, col 44 of module SCS: 121
@!@!@ENDMSG 2221 @!@!@
@!@!@STARTMSG 2221:0 @!@!@
  |line 256, col 14 to line 256, col 44 of module SCS: 121
@!@!@ENDMSG 2221 @!@!@
@!@!@STARTMSG 2221:0 @!@!@
  |line 257, col 14 to line 257, col 43 of module SCS: 121
@!@!@ENDMSG 2221 @!@!@
@!@!@STARTMSG 2221:0 @!@!@
  |line 258, col 14 to line 258, col 44 of module SCS: 121
@!@!@ENDMSG 2221 @!@!@
@!@!@STARTMSG 2221:0 @!@!@
  |line 259, col 14 to line 259, col 54 of module SCS: 121
@!@!@ENDMSG 2221 @!@!@
@!@!@STARTMSG 2221:0 @!@!@
  |line 260, col 14 to line 260, col 34 of module SCS: 121
@!@!@ENDMSG 2221 @!@!@
@!@!@STARTMSG 2221:0 @!@!@
  |line 261, col 14 to line 261, col 43 of module SCS: 121
@!@!@ENDMSG 2221 @!@!@
@!@!@STARTMSG 2221:0 @!@!@
  |line 262, col 14 to line 262, col 43 of module SCS: 121
@!@!@ENDMSG 2221 @!@!@
@!@!@STARTMSG 2221:0 @!@!@
  |line 263, col 14 to line 263, col 47 of module SCS: 121
@!@!@ENDMSG 2221 @!@!@
@!@!@STARTMSG 2221:0 @!@!@
  |line 264, col 14 to line 264, col 43 of module SCS: 117
@!@!@ENDMSG 2221 @!@!@
@!@!@STARTMSG 2774:0 @!@!@
<SCSsOK line 221, col 1 to line 221, col 6 of module SCS>
@!@!@ENDMSG 2774 @!@!@
@!@!@STARTMSG 2221:0 @!@!@
  line 221, col 11 to line 242, col 18 of module SCS: 117
@!@!@ENDMSG 2221 @!@!@
@!@!@STARTMSG 2221:0 @!@!@
  |line 221, col 14 to line 221, col 17 of module SCS: 117
@!@!@ENDMSG 2221 @!@!@
@!@!@STARTMSG 2221:0 @!@!@
  ||line 101, col 9 to line 101, col 49 of module SCS: 117
@!@!@ENDMSG 2221 @!@!@
@!@!@STARTMSG 2221:0 @!@!@
  |||line 101, col 10 to line 101, col 23 of module SCS: 117
@!@!@ENDMSG 2221 @!@!@
@!@!@STARTMSG 2221:0 @!@!@
  |||line 101, col 30 to line 101, col 48 of module SCS: 2
@!@!@ENDMSG 2221 @!@!@
@!@!@STARTMSG 2221:0 @!@!@
  |line 222, col 14 to line 222, col 17 of module SCS: 117
@!@!@ENDMSG 2221 @!@!@
@!@!@STARTMSG 2221:0 @!@!@
  ||line 106, col 9 to line 109, col 46 of module SCS: 117
@!@!@ENDMSG 2221 @!@!@
@!@!@STARTMSG 2221:0 @!@!@
  |||line 106, col 10 to line 106, col 18 of module SCS: 117
@!@!@ENDMSG 2221 @!@!@
@!@!@STARTMSG 2221:0 @!@!@
  |||line 106, col 24 to line 109, col 46 of module SCS: 3
@!@!@ENDMSG 2221 @!@!@
@!@!@STARTMSG 2221:0 @!@!@
  |line 223, col 14 to line 223, col 17 of module SCS: 117
@!@!@ENDMSG 2221 @!@!@
@!@!@STARTMSG 2221:0 @!@!@
  ||line 114, col 9 to line 114, col 62 of module SCS: 117
@!@!@ENDMSG 2221 @!@!@
@!@!@STARTMSG 2221:0 @!@!@
  |||line 114, col 10 to line 114, col 47 of module SCS: 117
@!@!@ENDMSG 2221 @!@!@
@!@!@STARTMSG 2221:0 @!@!@
  ||||line 114, col 10 to line 114, col 24 of module SCS: 117
@!@!@ENDMSG 2221 @!@!@
@!@!@STARTMSG 2221:0 @!@!@
  ||||line 114, col 29 to line 114, col 47 of module SCS: 33
@!@!@ENDMSG 2221 @!@!@
@!@!@STARTMSG 2221:0 @!@!@
  |||line 114, col 53 to line 114, col 62 of module SCS: 13
@!@!@ENDMSG 2221 @!@!@
@!@!@STARTMSG 2221:0 @!@!@
  |line 226, col 14 to line 226, col 18 of module SCS: 117
@!@!@ENDMSG 2221 @!@!@
@!@!@STARTMSG 2221:0 @!@!@
  ||line 133, col 10 to line 136, col 34 of module SCS: 117
@!@!@ENDMSG 2221 @!@!@
@!@!@STARTMSG 2221:0 @!@!@
  |||line 133, col 10 to line 135, col 22 of module SCS: 117
@!@!@ENDMSG 2221 @!@!@
@!@!@STARTMSG 2221:0 @!@!@
  ||||line 133, col 13 to line 133, col 34 of module SCS: 117
@!@!@ENDMSG 2221 @!@!@
@!@!@STARTMSG 2221:0 @!@!@
  |||||line 133, col 13 to line 133, col 21 of module SCS: 117
@!@!@ENDMSG 2221 @!@!@
@!@!@STARTMSG 2221:0 @!@!@
  |||||line 133, col 26 to line 133, col 34 of module SCS: 104
@!@!@ENDMSG 2221 @!@!@
@!@!@STARTMSG 2221:0 @!@!@
  ||||line 134, col 13 to line 134, col 22 of module SCS: 19
@!@!@ENDMSG 2221 @!@!@
@!@!@STARTMSG 2221:0 @!@!@
  ||||line 135, col 13 to line 135, col 22 of module SCS: 9
@!@!@ENDMSG 2221 @!@!@
@!@!@STARTMSG 2221:0 @!@!@
  |||line 136, col 14 to line 136, col 33 of module SCS: 6
@!@!@ENDMSG 2221 @!@!@
@!@!@STARTMSG 2221:0 @!@!@
  |line 227, col 14 to line 227, col 18 of module SCS: 117
@!@!@ENDMSG 2221 @!@!@
@!@!@STARTMSG 2221:0 @!@!@
  ||line 144, col 10 to line 144, col 32 of module SCS: 117
@!@!@ENDMSG 2221 @!@!@
@!@!@STARTMSG 2221:0 @!@!@
  |||line 144, col 10 to line 144, col 18 of module SCS: 117
@!@!@ENDMSG 2221 @!@!@
@!@!@STARTMSG 2221:0 @!@!@
  |||line 144, col 23 to line 144, col 32 of module SCS: 7
@!@!@ENDMSG 2221 @!@!@
@!@!@STARTMSG 2221:0 @!@!@
  |line 228, col 14 to line 228, col 18 of module SCS: 117
@!@!@ENDMSG 2221 @!@!@
@!@!@STARTMSG 2221:0 @!@!@
  ||line 149, col 10 to line 149, col 31 of module SCS: 117
@!@!@ENDMSG 2221 @!@!@
@!@!@STARTMSG 2221:0 @!@!@
  |||line 149, col 10 to line 149, col 18 of module SCS: 117
@!@!@ENDMSG 2221 @!@!@
@!@!@STARTMSG 2221:0 @!@!@
  |||line 149, col 23 to line 149, col 31 of module SCS: 3
@!@!@ENDMSG 2221 @!@!@
@!@!@STARTMSG 2221:0 @!@!@
  |line 230, col 14 to line 230, col 18 of module SCS: 117
@!@!@ENDMSG 2221 @!@!@
@!@!@STARTMSG 2221:0 @!@!@
  ||line 158, col 10 to line 158, col 68 of module SCS: 117
@!@!@ENDMSG 2221 @!@!@
@!@!@STARTMSG 2221:0 @!@!@
  |||line 158, col 11 to line 158, col 43 of module SCS: 117
@!@!@ENDMSG 2221 @!@!@
@!@!@STARTMSG 2221:0 @!@!@
  ||||line 158, col 11 to line 158, col 19 of module SCS: 117
@!@!@ENDMSG 2221 @!@!@
@!@!@STARTMSG 2221:0 @!@!@
  ||||line 158, col 24 to line 158, col 43 of module SCS: 34
@!@!@ENDMSG 2221 @!@!@
@!@!@STARTMSG 2221:0 @!@!@
  |||line 158, col 49 to line 158, col 68 of module SCS: 7
@!@!@ENDMSG 2221 @!@!@
@!@!@STARTMSG 2221:0 @!@!@
  |line 231, col 14 to line 231, col 18 of module SCS: 117
@!@!@ENDMSG 2221 @!@!@
@!@!@STARTMSG 2221:0 @!@!@
  ||line 163, col 10 to line 163, col 45 of module SCS: 117
@!@!@ENDMSG 2221 @!@!@
@!@!@STARTMSG 2221:0 @!@!@
  |||line 163, col 10 to line 163, col 31 of module SCS: 117
@!@!@ENDMSG 2221 @!@!@
@!@!@STARTMSG 2221:0 @!@!@
  |||line 163, col 36 to line 163, col 45 of module SCS: 20
@!@!@ENDMSG 2221 @!@!@
@!@!@STARTMSG 2221:0 @!@!@
  |line 232, col 14 to line 232, col 18 of module SCS: 117
@!@!@ENDMSG 2221 @!@!@
@!@!@STARTMSG 2221:0 @!@!@
  ||line 168, col 10 to line 168, col 32 of module SCS: 117
@!@!@ENDMSG 2221 @!@!@
@!@!@STARTMSG 2221:0 @!@!@
  |||line 168, col 10 to line 168, col 18 of module SCS: 117
@!@!@ENDMSG 2221 @!@!@
@!@!@STARTMSG 2221:0 @!@!@
  |||line 168, col 23 to line 168, col 32 of module SCS: 7
@!@!@ENDMSG 2221 @!@!@
@!@!@STARTMSG 2221:0 @!@!@
  |line 234, col 14 to line 234, col 18 of module SCS: 117
@!@!@ENDMSG 2221 @!@!@
@!@!@STARTMSG 2221:0 @!@!@
  ||line 182, col 10 to line 182, col 78 of module SCS: 117
@!@!@ENDMSG 2221 @!@!@
@!@!@STARTMSG 2221:0 @!@!@
  |||line 182, col 11 to line 182, col 56 of module SCS: 117
@!@!@ENDMSG 2221 @!@!@
@!@!@STARTMSG 2221:0 @!@!@
  ||||line 182, col 11 to line 182, col 30 of module SCS: 117
@!@!@ENDMSG 2221 @!@!@
@!@!@STARTMSG 2221:0 @!@!@
  ||||line 182, col 35 to line 182, col 56 of module SCS: 100
@!@!@ENDMSG 2221 @!@!@
@!@!@STARTMSG 2221:0 @!@!@
  |||line 182, col 62 to line 182, col 78 of module SCS: 24
@!@!@ENDMSG 2221 @!@!@
@!@!@STARTMSG 2221:0 @!@!@
  |line 235, col 14 to line 235, col 18 of module SCS: 117
@!@!@ENDMSG 2221 @!@!@
@!@!@STARTMSG 2221:0 @!@!@
  ||line 188, col 10 to line 188, col 54 of module SCS: 117
@!@!@ENDMSG 2221 @!@!@
@!@!@STARTMSG 2221:0 @!@!@
  |||line 188, col 10 to line 188, col 31 of module SCS: 117
@!@!@ENDMSG 2221 @!@!@
@!@!@STARTMSG 2221:0 @!@!@
  |||line 188, col 36 to line 188, col 54 of module SCS: 7
@!@!@ENDMSG 2221 @!@!@
@!@!@STARTMSG 2221:0 @!@!@
  |line 236, col 14 to line 236, col 18 of module SCS: 117
@!@!@ENDMSG 2221 @!@!@
@!@!@STARTMSG 2221:0 @!@!@
  ||line 193, col 10 to line 193, col 46 of module SCS: 117
@!@!@ENDMSG 2221 @!@!@
@!@!@STARTMSG 2221:0 @!@!@
  |||line 193, col 11 to line 193, col 32 of module SCS: 117
@!@!@ENDMSG 2221 @!@!@
@!@!@STARTMSG 2221:0 @!@!@
  ||||line 193, col 11 to line 193, col 19 of module SCS: 117
@!@!@ENDMSG 2221 @!@!@
@!@!@STARTMSG 2221:0 @!@!@
  ||||line 193, col 24 to line 193, col 32 of module SCS: 8
@!@!@ENDMSG 2221 @!@!@
@!@!@STARTMSG 2221:0 @!@!@
  |||line 193, col 38 to line 193, col 46 of module SCS: 5
@!@!@ENDMSG 2221 @!@!@
@!@!@STARTMSG 2221:0 @!@!@
  |line 237, col 14 to line 237, col 18 of module SCS: 117
@!@!@ENDMSG 2221 @!@!@
@!@!@STARTMSG 2221:0 @!@!@
  ||line 198, col 10 to line 199, col 40 of module SCS: 117
@!@!@ENDMSG 2221 @!@!@
@!@!@STARTMSG 2221:0 @!@!@
  |||line 198, col 13 to line 198, col 38 of module SCS: 117
@!@!@ENDMSG 2221 @!@!@
@!@!@STARTMSG 2221:0 @!@!@
  ||||line 198, col 13 to line 198, col 21 of module SCS: 117
@!@!@ENDMSG 2221 @!@!@
@!@!@STARTMSG 2221:0 @!@!@
  ||||line 198, col 26 to line 198, col 38 of module SCS: 13
@!@!@ENDMSG 2221 @!@!@
@!@!@STARTMSG 2221:0 @!@!@
  |||line 199, col 13 to line 199, col 40 of module SCS: 117
@!@!@ENDMSG 2221 @!@!@
@!@!@STARTMSG 2221:0 @!@!@
  ||||line 199, col 13 to line 199, col 22 of module SCS: 117
@!@!@ENDMSG 2221 @!@!@
@!@!@STARTMSG 2221:0 @!@!@
  ||||line 199, col 27 to line 199, col 40 of module SCS: 104
@!@!@ENDMSG 2221 @!@!@
@!@!@STARTMSG 2221:0 @!@!@
  |line 238, col 14 to line 238, col 18 of module SCS: 117
@!@!@ENDMSG 2221 @!@!@
@!@!@STARTMSG 2221:0 @!@!@
  ||line 204, col 10 to line 205, col 65 of module SCS: 117
@!@!@ENDMSG 2221 @!@!@
@!@!@STARTMSG 2221:0 @!@!@
  |||line 204, col 13 to line 204, col 64 of module SCS: 117
@!@!@ENDMSG 2221 @!@!@
@!@!@STARTMSG 2221:0 @!@!@
  ||||line 204, col 14 to line 204, col 39 of module SCS: 117
@!@!@ENDMSG 2221 @!@!@
@!@!@STARTMSG 2221:0 @!@!@
  |||||line 204, col 15 to line 204, col 23 of module SCS: 117
@!@!@ENDMSG 2221 @!@!@
@!@!@STARTMSG 2221:0 @!@!@
  |||||line 204, col 30 to line 204, col 38 of module SCS: 13
@!@!@ENDMSG 2221 @!@!@
@!@!@STARTMSG 2221:0 @!@!@
  ||||line 204, col 45 to line 204, col 64 of module SCS: 3
@!@!@ENDMSG 2221 @!@!@
@!@!@STARTMSG 2221:0 @!@!@
  |||line 205, col 13 to line 205, col 65 of module SCS: 117
@!@!@ENDMSG 2221 @!@!@
@!@!@STARTMSG 2221:0 @!@!@
  ||||line 205, col 14 to line 205, col 39 of module SCS: 117
@!@!@ENDMSG 2221 @!@!@
@!@!@STARTMSG 2221:0 @!@!@
  |||||line 205, col 15 to line 205, col 23 of module SCS: 117
@!@!@ENDMSG 2221 @!@!@
@!@!@STARTMSG 2221:0 @!@!@
  |||||line 205, col 30 to line 205, col 38 of module SCS: 6
@!@!@ENDMSG 2221 @!@!@
@!@!@STARTMSG 2221:0 @!@!@
  |line 239, col 14 to line 239, col 18 of module SCS: 117
@!@!@ENDMSG 2221 @!@!@
@!@!@STARTMSG 2221:0 @!@!@
  ||line 210, col 10 to line 210, col 43 of module SCS: 117
@!@!@ENDMSG 2221 @!@!@
@!@!@STARTMSG 2221:0 @!@!@
  |||line 210, col 10 to line 210, col 18 of module SCS: 117
@!@!@ENDMSG 2221 @!@!@
@!@!@STARTMSG 2221:0 @!@!@
  |||line 210, col 23 to line 210, col 43 of module SCS: 13
@!@!@ENDMSG 2221 @!@!@
@!@!@STARTMSG 2221:0 @!@!@
  |line 242, col 14 to line 242, col 18 of module SCS: 117
@!@!@ENDMSG 2221 @!@!@
@!@!@STARTMSG 2221:0 @!@!@
  ||line 215, col 10 to line 216, col 51 of module SCS: 117
@!@!@ENDMSG 2221 @!@!@
@!@!@STARTMSG 2221:0 @!@!@
  |||line 215, col 13 to line 215, col 35 of module SCS: 117
@!@!@ENDMSG 2221 @!@!@
@!@!@STARTMSG 2221:0 @!@!@
  ||||line 215, col 13 to line 215, col 21 of module SCS: 117
@!@!@ENDMSG 2221 @!@!@
@!@!@STARTMSG 2221:0 @!@!@
  ||||line 215, col 26 to line 215, col 35 of module SCS: 7
@!@!@ENDMSG 2221 @!@!@
@!@!@STARTMSG 2221:0 @!@!@
  |||line 216, col 13 to line 216, col 51 of module SCS: 117
@!@!@ENDMSG 2221 @!@!@
@!@!@STARTMSG 2221:0 @!@!@
  ||||line 216, col 14 to line 216, col 36 of module SCS: 117
@!@!@ENDMSG 2221 @!@!@
@!@!@STARTMSG 2221:0 @!@!@
  |||||line 216, col 14 to line 216, col 22 of module SCS: 117
@!@!@ENDMSG 2221 @!@!@
@!@!@STARTMSG 2221:0 @!@!@
  |||||line 216, col 27 to line 216, col 36 of module SCS: 8
@!@!@ENDMSG 2221 @!@!@
@!@!@STARTMSG 2221:0 @!@!@
  ||||line 216, col 42 to line 216, col 51 of module SCS: 3
@!@!@ENDMSG 2221 @!@!@
@!@!@STARTMSG 2202:0 @!@!@
End of statistics.
@!@!@ENDMSG 2202 @!@!@
@!@!@STARTMSG 2200:0 @!@!@
Progress(10) at 2020-01-03 22:14:22: 219 states generated (9494 s/min), 121 distinct states found (5245 ds/min), 46 states left on queue.
@!@!@ENDMSG 2200 @!@!@
@!@!@STARTMSG 2199:0 @!@!@
219 states generated, 121 distinct states found, 46 states left on queue.
@!@!@ENDMSG 2199 @!@!@
@!@!@STARTMSG 2194:0 @!@!@
The depth of the complete state graph search is 10.
@!@!@ENDMSG 2194 @!@!@
@!@!@STARTMSG 2268:0 @!@!@
The average outdegree of the complete state graph is 2 (minimum is 0, the maximum 6 and the 95th percentile is 4).
@!@!@ENDMSG 2268 @!@!@
@!@!@STARTMSG 2186:0 @!@!@
Finished in 1390ms at (2020-01-03 22:14:22)
@!@!@ENDMSG 2186 @!@!@
